Log file open, 11/26/17 16:39:14
LogWindows: Failed to load 'aqProf.dll' (GetLastError=126)
LogWindows: File 'aqProf.dll' does not exist
LogWindows: Failed to load 'VtuneApi.dll' (GetLastError=126)
LogWindows: File 'VtuneApi.dll' does not exist
LogWindows: Failed to load 'VtuneApi32e.dll' (GetLastError=126)
LogWindows: File 'VtuneApi32e.dll' does not exist
LogInit: Display: Running engine for game: GreekMytholoJam2017
LogPlatformFile: Not using cached read wrapper
LogInit: Display: RandInit(-574241073) SRandInit(-574241072).
LogInit: Read version file with build ID '3709383'
LogInit: Overriding engine version to CL 3754814, compatible CL 3709383
LogInit: Registered custom module enumerator with build ID '3709383'
LogInit: Warning: Passing commandline switches using / instead of - has been deprecated and will be removed in future versions of Unreal Engine.
LogTaskGraph: Started task graph with 5 named threads and 14 total threads with 3 sets of task threads.
LogStats: Stats thread started at 0.169877
LogD3D11RHI: Aftermath initialized
LogInit: Warning: Passing commandline switches using / instead of - has been deprecated and will be removed in future versions of Unreal Engine.
LogModuleManager: Display: Found up-to-date module file ../../../Engine/Plugins/2D/Paper2D/Binaries/Win64/UE4Editor-Paper2D.dll (API version 3709383).
LogModuleManager: Display: Found up-to-date module file ../../../Engine/Plugins/2D/Paper2D/Binaries/Win64/UE4Editor-Paper2DEditor.dll (API version 3709383).
LogModuleManager: Display: Found up-to-date module file ../../../Engine/Plugins/2D/Paper2D/Binaries/Win64/UE4Editor-PaperSpriteSheetImporter.dll (API version 3709383).
LogModuleManager: Display: Found up-to-date module file ../../../Engine/Plugins/2D/Paper2D/Binaries/Win64/UE4Editor-PaperTiledImporter.dll (API version 3709383).
LogModuleManager: Display: Found up-to-date module file ../../../Engine/Plugins/2D/Paper2D/Binaries/Win64/UE4Editor-SmartSnapping.dll (API version 3709383).
LogModuleManager: Display: Found up-to-date module file ../../../Engine/Plugins/Blendables/LightPropagationVolume/Binaries/Win64/UE4Editor-LightPropagationVolumeRuntime.dll (API version 3709383).
LogModuleManager: Display: Found up-to-date module file ../../../Engine/Plugins/Blendables/LightPropagationVolume/Binaries/Win64/UE4Editor-LightPropagationVolumeEditor.dll (API version 3709383).
LogModuleManager: Display: Found up-to-date module file ../../../Engine/Plugins/Developer/GitSourceControl/Binaries/Win64/UE4Editor-GitSourceControl.dll (API version 3709383).
LogModuleManager: Display: Found up-to-date module file ../../../Engine/Plugins/Developer/PerforceSourceControl/Binaries/Win64/UE4Editor-PerforceSourceControl.dll (API version 3709383).
LogModuleManager: Display: Found up-to-date module file ../../../Engine/Plugins/Developer/SubversionSourceControl/Binaries/Win64/UE4Editor-SubversionSourceControl.dll (API version 3709383).
LogModuleManager: Display: Found up-to-date module file ../../../Engine/Plugins/Developer/UObjectPlugin/Binaries/Win64/UE4Editor-UObjectPlugin.dll (API version 3709383).
LogModuleManager: Display: Found up-to-date module file ../../../Engine/Plugins/Developer/VisualStudioCodeSourceCodeAccess/Binaries/Win64/UE4Editor-VisualStudioCodeSourceCodeAccess.dll (API version 3709383).
LogModuleManager: Display: Found up-to-date module file ../../../Engine/Plugins/Developer/VisualStudioSourceCodeAccess/Binaries/Win64/UE4Editor-VisualStudioSourceCodeAccess.dll (API version 3709383).
LogModuleManager: Display: Found up-to-date module file ../../../Engine/Plugins/Editor/AssetManagerEditor/Binaries/Win64/UE4Editor-AssetManagerEditor.dll (API version 3709383).
LogModuleManager: Display: Found up-to-date module file ../../../Engine/Plugins/Editor/AudioCapture/Binaries/Win64/UE4Editor-AudioCapture.dll (API version 3709383).
LogModuleManager: Display: Found up-to-date module file ../../../Engine/Plugins/Editor/FacialAnimation/Binaries/Win64/UE4Editor-FacialAnimation.dll (API version 3709383).
LogModuleManager: Display: Found up-to-date module file ../../../Engine/Plugins/Editor/FacialAnimation/Binaries/Win64/UE4Editor-FacialAnimationEditor.dll (API version 3709383).
LogModuleManager: Display: Found up-to-date module file ../../../Engine/Plugins/Editor/GameplayTagsEditor/Binaries/Win64/UE4Editor-GameplayTagsEditor.dll (API version 3709383).
LogModuleManager: Display: Found up-to-date module file ../../../Engine/Plugins/Editor/MobileLauncherProfileWizard/Binaries/Win64/UE4Editor-MobileLauncherProfileWizard.dll (API version 3709383).
LogModuleManager: Display: Found up-to-date module file ../../../Engine/Plugins/Editor/PluginBrowser/Binaries/Win64/UE4Editor-PluginBrowser.dll (API version 3709383).
LogModuleManager: Display: Found up-to-date module file ../../../Engine/Plugins/Editor/SpeedTreeImporter/Binaries/Win64/UE4Editor-SpeedTreeImporter.dll (API version 3709383).
LogModuleManager: Display: Found up-to-date module file ../../../Engine/Plugins/Experimental/AlembicImporter/Binaries/Win64/UE4Editor-AlembicImporter.dll (API version 3709383).
LogModuleManager: Display: Found up-to-date module file ../../../Engine/Plugins/Experimental/AlembicImporter/Binaries/Win64/UE4Editor-AlembicLibrary.dll (API version 3709383).
LogModuleManager: Display: Found up-to-date module file ../../../Engine/Plugins/Experimental/CharacterAI/Binaries/Win64/UE4Editor-CharacterAI.dll (API version 3709383).
LogModuleManager: Display: Found up-to-date module file ../../../Engine/Plugins/Experimental/HTML5Networking/Binaries/Win64/UE4Editor-HTML5Networking.dll (API version 3709383).
LogModuleManager: Display: Found up-to-date module file ../../../Engine/Plugins/Media/AndroidMedia/Binaries/Win64/UE4Editor-AndroidMediaEditor.dll (API version 3709383).
LogModuleManager: Display: Found up-to-date module file ../../../Engine/Plugins/Media/AndroidMedia/Binaries/Win64/UE4Editor-AndroidMediaFactory.dll (API version 3709383).
LogModuleManager: Display: Found up-to-date module file ../../../Engine/Plugins/Media/AvfMedia/Binaries/Win64/UE4Editor-AvfMediaEditor.dll (API version 3709383).
LogModuleManager: Display: Found up-to-date module file ../../../Engine/Plugins/Media/AvfMedia/Binaries/Win64/UE4Editor-AvfMediaFactory.dll (API version 3709383).
LogModuleManager: Display: Found up-to-date module file ../../../Engine/Plugins/Media/AvfMedia/Binaries/Win64/UE4Editor-AvfMediaFactory.dll (API version 3709383).
LogModuleManager: Display: Found up-to-date module file ../../../Engine/Plugins/Media/ImgMedia/Binaries/Win64/UE4Editor-ImgMedia.dll (API version 3709383).
LogModuleManager: Display: Found up-to-date module file ../../../Engine/Plugins/Media/ImgMedia/Binaries/Win64/UE4Editor-ImgMediaEditor.dll (API version 3709383).
LogModuleManager: Display: Found up-to-date module file ../../../Engine/Plugins/Media/ImgMedia/Binaries/Win64/UE4Editor-ImgMediaFactory.dll (API version 3709383).
LogModuleManager: Display: Found up-to-date module file ../../../Engine/Plugins/Media/ImgMedia/Binaries/Win64/UE4Editor-ImgMediaFactory.dll (API version 3709383).
LogModuleManager: Display: Found up-to-date module file ../../../Engine/Plugins/Media/ImgMedia/Binaries/Win64/UE4Editor-OpenExrWrapper.dll (API version 3709383).
LogModuleManager: Display: Found up-to-date module file ../../../Engine/Plugins/Media/MediaCompositing/Binaries/Win64/UE4Editor-MediaCompositing.dll (API version 3709383).
LogModuleManager: Display: Found up-to-date module file ../../../Engine/Plugins/Media/MediaCompositing/Binaries/Win64/UE4Editor-MediaCompositingEditor.dll (API version 3709383).
LogModuleManager: Display: Found up-to-date module file ../../../Engine/Plugins/Media/MediaPlayerEditor/Binaries/Win64/UE4Editor-MediaPlayerEditor.dll (API version 3709383).
LogModuleManager: Display: Found up-to-date module file ../../../Engine/Plugins/Media/WmfMedia/Binaries/Win64/UE4Editor-WmfMedia.dll (API version 3709383).
LogModuleManager: Display: Found up-to-date module file ../../../Engine/Plugins/Media/WmfMedia/Binaries/Win64/UE4Editor-WmfMediaEditor.dll (API version 3709383).
LogModuleManager: Display: Found up-to-date module file ../../../Engine/Plugins/Media/WmfMedia/Binaries/Win64/UE4Editor-WmfMediaFactory.dll (API version 3709383).
LogModuleManager: Display: Found up-to-date module file ../../../Engine/Plugins/Media/WmfMedia/Binaries/Win64/UE4Editor-WmfMediaFactory.dll (API version 3709383).
LogModuleManager: Display: Found up-to-date module file ../../../Engine/Plugins/Messaging/TcpMessaging/Binaries/Win64/UE4Editor-TcpMessaging.dll (API version 3709383).
LogModuleManager: Display: Found up-to-date module file ../../../Engine/Plugins/Messaging/UdpMessaging/Binaries/Win64/UE4Editor-UdpMessaging.dll (API version 3709383).
LogModuleManager: Display: Found up-to-date module file ../../../Engine/Plugins/MovieScene/ActorSequence/Binaries/Win64/UE4Editor-ActorSequence.dll (API version 3709383).
LogModuleManager: Display: Found up-to-date module file ../../../Engine/Plugins/MovieScene/LevelSequenceEditor/Binaries/Win64/UE4Editor-LevelSequenceEditor.dll (API version 3709383).
LogModuleManager: Display: Found up-to-date module file ../../../Engine/Plugins/MovieScene/MatineeToLevelSequence/Binaries/Win64/UE4Editor-MatineeToLevelSequence.dll (API version 3709383).
LogModuleManager: Display: Found up-to-date module file ../../../Engine/Plugins/Online/OnlineSubsystem/Binaries/Win64/UE4Editor-OnlineSubsystem.dll (API version 3709383).
LogModuleManager: Display: Found up-to-date module file ../../../Engine/Plugins/Runtime/AndroidPermission/Binaries/Win64/UE4Editor-AndroidPermission.dll (API version 3709383).
LogModuleManager: Display: Found up-to-date module file ../../../Engine/Plugins/Online/OnlineSubsystemNull/Binaries/Win64/UE4Editor-OnlineSubsystemNull.dll (API version 3709383).
LogModuleManager: Display: Found up-to-date module file ../../../Engine/Plugins/Online/OnlineSubsystemUtils/Binaries/Win64/UE4Editor-OnlineSubsystemUtils.dll (API version 3709383).
LogModuleManager: Display: Found up-to-date module file ../../../Engine/Plugins/Online/OnlineSubsystemUtils/Binaries/Win64/UE4Editor-OnlineBlueprintSupport.dll (API version 3709383).
LogModuleManager: Display: Found up-to-date module file ../../../Engine/Plugins/Runtime/AndroidDeviceProfileSelector/Binaries/Win64/UE4Editor-AndroidDeviceProfileSelector.dll (API version 3709383).
LogModuleManager: Display: Found up-to-date module file ../../../Engine/Plugins/Runtime/AppleARKit/Binaries/Win64/UE4Editor-AppleARKit.dll (API version 3709383).
LogModuleManager: Display: Found up-to-date module file ../../../Engine/Plugins/Runtime/ArchVisCharacter/Binaries/Win64/UE4Editor-ArchVisCharacter.dll (API version 3709383).
LogModuleManager: Display: Found up-to-date module file ../../../Engine/Plugins/Runtime/CableComponent/Binaries/Win64/UE4Editor-CableComponent.dll (API version 3709383).
LogModuleManager: Display: Found up-to-date module file ../../../Engine/Plugins/Runtime/CustomMeshComponent/Binaries/Win64/UE4Editor-CustomMeshComponent.dll (API version 3709383).
LogModuleManager: Display: Found up-to-date module file ../../../Engine/Plugins/Runtime/ExampleDeviceProfileSelector/Binaries/Win64/UE4Editor-ExampleDeviceProfileSelector.dll (API version 3709383).
LogModuleManager: Display: Found up-to-date module file ../../../Engine/Plugins/Runtime/ImmediatePhysics/Binaries/Win64/UE4Editor-ImmediatePhysics.dll (API version 3709383).
LogModuleManager: Display: Found up-to-date module file ../../../Engine/Plugins/Runtime/ImmediatePhysics/Binaries/Win64/UE4Editor-ImmediatePhysicsEditor.dll (API version 3709383).
LogModuleManager: Display: Found up-to-date module file ../../../Engine/Plugins/Runtime/LocationServicesBPLibrary/Binaries/Win64/UE4Editor-LocationServicesBPLibrary.dll (API version 3709383).
LogModuleManager: Display: Found up-to-date module file ../../../Engine/Plugins/Runtime/MobilePatchingUtils/Binaries/Win64/UE4Editor-MobilePatchingUtils.dll (API version 3709383).
LogModuleManager: Display: Found up-to-date module file ../../../Engine/Plugins/Runtime/Oculus/OculusVR/Binaries/Win64/UE4Editor-OculusHMD.dll (API version 3709383).
LogModuleManager: Display: Found up-to-date module file ../../../Engine/Plugins/Runtime/Oculus/OculusVR/Binaries/Win64/UE4Editor-OculusInput.dll (API version 3709383).
LogModuleManager: Display: Found up-to-date module file ../../../Engine/Plugins/Runtime/Oculus/OculusVR/Binaries/Win64/UE4Editor-OculusEditor.dll (API version 3709383).
LogModuleManager: Display: Found up-to-date module file ../../../Engine/Plugins/Runtime/PhysXVehicles/Binaries/Win64/UE4Editor-PhysXVehicles.dll (API version 3709383).
LogModuleManager: Display: Found up-to-date module file ../../../Engine/Plugins/Runtime/PhysXVehicles/Binaries/Win64/UE4Editor-PhysXVehiclesEditor.dll (API version 3709383).
LogModuleManager: Display: Found up-to-date module file ../../../Engine/Plugins/Runtime/ProceduralMeshComponent/Binaries/Win64/UE4Editor-ProceduralMeshComponent.dll (API version 3709383).
LogModuleManager: Display: Found up-to-date module file ../../../Engine/Plugins/Runtime/ProceduralMeshComponent/Binaries/Win64/UE4Editor-ProceduralMeshComponentEditor.dll (API version 3709383).
LogModuleManager: Display: Found up-to-date module file ../../../Engine/Plugins/Runtime/RuntimePhysXCooking/Binaries/Win64/UE4Editor-RuntimePhysXCooking.dll (API version 3709383).
LogModuleManager: Display: Found up-to-date module file ../../../Engine/Plugins/Runtime/Steam/SteamVR/Binaries/Win64/UE4Editor-SteamVR.dll (API version 3709383).
LogModuleManager: Display: Found up-to-date module file ../../../Engine/Plugins/Runtime/Steam/SteamVR/Binaries/Win64/UE4Editor-SteamVRController.dll (API version 3709383).
LogModuleManager: Display: Found up-to-date module file ../../../Engine/Plugins/Runtime/WindowsMoviePlayer/Binaries/Win64/UE4Editor-WindowsMoviePlayer.dll (API version 3709383).
LogPluginManager: Mounting plugin Paper2D
LogPluginManager: Mounting plugin LightPropagationVolume
LogPluginManager: Mounting plugin CodeLiteSourceCodeAccess
LogPluginManager: Mounting plugin GitSourceControl
LogPluginManager: Mounting plugin KDevelopSourceCodeAccess
LogPluginManager: Mounting plugin NullSourceCodeAccess
LogPluginManager: Mounting plugin PerforceSourceControl
LogPluginManager: Mounting plugin SubversionSourceControl
LogPluginManager: Mounting plugin UObjectPlugin
LogPluginManager: Mounting plugin VisualStudioCodeSourceCodeAccess
LogPluginManager: Mounting plugin VisualStudioSourceCodeAccess
LogPluginManager: Mounting plugin XCodeSourceCodeAccess
LogPluginManager: Mounting plugin AssetManagerEditor
LogPluginManager: Mounting plugin AudioCapture
LogPluginManager: Mounting plugin FacialAnimation
LogPluginManager: Mounting plugin GameplayTagsEditor
LogPluginManager: Mounting plugin MobileLauncherProfileWizard
LogPluginManager: Mounting plugin PluginBrowser
LogPluginManager: Mounting plugin SpeedTreeImporter
LogPluginManager: Mounting plugin AlembicImporter
LogPluginManager: Mounting plugin CharacterAI
LogPluginManager: Mounting plugin HTML5Networking
LogPluginManager: Mounting plugin AndroidMedia
LogPluginManager: Mounting plugin AvfMedia
LogPluginManager: Mounting plugin ImgMedia
LogPluginManager: Mounting plugin MediaCompositing
LogPluginManager: Mounting plugin MediaPlayerEditor
LogPluginManager: Mounting plugin WmfMedia
LogPluginManager: Mounting plugin TcpMessaging
LogPluginManager: Mounting plugin UdpMessaging
LogPluginManager: Mounting plugin ActorSequence
LogPluginManager: Mounting plugin LevelSequenceEditor
LogPluginManager: Mounting plugin MatineeToLevelSequence
LogPluginManager: Mounting plugin OnlineSubsystemGooglePlay
LogPluginManager: Mounting plugin OnlineSubsystemIOS
LogPluginManager: Mounting plugin OnlineSubsystem
LogPluginManager: Mounting plugin OnlineSubsystemNull
LogPluginManager: Mounting plugin OnlineSubsystemUtils
LogPluginManager: Mounting plugin AndroidDeviceProfileSelector
LogPluginManager: Mounting plugin AndroidMoviePlayer
LogPluginManager: Mounting plugin AndroidPermission
LogPluginManager: Mounting plugin AppleARKit
LogPluginManager: Mounting plugin AppleMoviePlayer
LogPluginManager: Mounting plugin ArchVisCharacter
LogPluginManager: Mounting plugin CableComponent
LogPluginManager: Mounting plugin CustomMeshComponent
LogPluginManager: Mounting plugin ExampleDeviceProfileSelector
LogPluginManager: Mounting plugin GoogleCloudMessaging
LogPluginManager: Mounting plugin ImmediatePhysics
LogPluginManager: Mounting plugin IOSDeviceProfileSelector
LogPluginManager: Mounting plugin LinuxDeviceProfileSelector
LogPluginManager: Mounting plugin LocationServicesBPLibrary
LogPluginManager: Mounting plugin MobilePatchingUtils
LogPluginManager: Mounting plugin OculusVR
LogPluginManager: Plugin shader directory ../../../Engine/Plugins/Runtime/Oculus/OculusVR/Shaders found
LogPluginManager: Mapping shader source directory ../../../Engine/Plugins/Runtime/Oculus/OculusVR/Shaders to virtual directory /Plugin/OculusVR
LogPluginManager: Mounting plugin PhysXVehicles
LogPluginManager: Mounting plugin ProceduralMeshComponent
LogPluginManager: Mounting plugin RuntimePhysXCooking
LogPluginManager: Mounting plugin SteamVR
LogPluginManager: Mounting plugin WindowsMoviePlayer
LogInit: Using libcurl 7.47.1
LogInit:  - built for x86_64-pc-win32
LogInit:  - supports SSL with OpenSSL/1.0.2g
LogInit:  - supports HTTP deflate (compression) using libz 1.2.8
LogInit:  - other features:
LogInit:      CURL_VERSION_SSL
LogInit:      CURL_VERSION_LIBZ
LogInit:      CURL_VERSION_IPV6
LogInit:      CURL_VERSION_ASYNCHDNS
LogInit:      CURL_VERSION_LARGEFILE
LogInit:      CURL_VERSION_IDN
LogInit:  CurlRequestOptions (configurable via config and command line):
LogInit:  - bVerifyPeer = false  - Libcurl will NOT verify peer certificate
LogInit:  - bUseHttpProxy = false  - Libcurl will NOT use HTTP proxy
LogInit:  - bDontReuseConnections = false  - Libcurl will reuse connections
LogInit:  - CertBundlePath = nullptr  - Libcurl will use whatever was configured at build time.
LogInit: Build: ++UE4+Release-4.18-CL-3754814
LogInit: Engine Version: 4.18.1-3754814+++UE4+Release-4.18
LogInit: Compatible Engine Version: 4.18.0-3709383+++UE4+Release-4.18
LogInit: Net CL: 3709383
LogDevObjectVersion: Number of dev versions registered: 16
LogDevObjectVersion:   Dev-Blueprints (B0D832E4-1F89-4F0D-ACCF-7EB736FD4AA2): 10
LogDevObjectVersion:   Dev-Build (E1C64328-A22C-4D53-A36C-8E866417BD8C): 0
LogDevObjectVersion:   Dev-Core (375EC13C-06E4-48FB-B500-84F0262A717E): 2
LogDevObjectVersion:   Dev-Editor (E4B068ED-F494-42E9-A231-DA0B2E46BB41): 20
LogDevObjectVersion:   Dev-Framework (CFFC743F-43B0-4480-9391-14DF171D2073): 30
LogDevObjectVersion:   Dev-Mobile (B02B49B5-BB20-44E9-A304-32B752E40360): 0
LogDevObjectVersion:   Dev-Networking (A4E4105C-59A1-49B5-A7C5-40C4547EDFEE): 0
LogDevObjectVersion:   Dev-Online (39C831C9-5AE6-47DC-9A44-9C173E1C8E7C): 0
LogDevObjectVersion:   Dev-Physics (78F01B33-EBEA-4F98-B9B4-84EACCB95AA2): 0
LogDevObjectVersion:   Dev-Platform (6631380F-2D4D-43E0-8009-CF276956A95A): 0
LogDevObjectVersion:   Dev-Rendering (12F88B9F-8875-4AFC-A67C-D90C383ABD29): 20
LogDevObjectVersion:   Dev-Sequencer (7B5AE74C-D270-4C10-A958-57980B212A5A): 4
LogDevObjectVersion:   Dev-VR (D7296918-1DD6-4BDD-9DE2-64A83CC13884): 0
LogDevObjectVersion:   Dev-LoadTimes (C2A15278-BFE7-4AFE-6C17-90FF531DF755): 1
LogDevObjectVersion:   Private-Geometry (6EACA3D4-40EC-4CC1-B786-8BED09428FC5): 1
LogDevObjectVersion:   Dev-AnimPhys (29E575DD-E0A3-4627-9D10-D276232CDCEA): 12
LogInit: Compiled (64-bit): Nov 14 2017 02:05:55
LogInit: Compiled with Visual C++: 19.00.24215.01
LogInit: Build Configuration: Development
LogInit: Branch Name: ++UE4+Release-4.18
LogInit: Command line:  /Game/FirstPersonBP/Maps/FirstPersonExampleMap -game -PIEVIACONSOLE -ResX=1280 -ResY=720  -Multiprocess -messaging -SessionName="Play in Standalone Game" -windowed 
LogInit: Base directory: E:/Program Files/Epic Games/UE_4.18/Engine/Binaries/Win64/
LogInit: Installed Engine Build: 1
LogInit: Presizing for max 8388607 objects, including 0 objects not considered by GC, pre-allocating 0 bytes for permanent pool.
LogInit: Object subsystem initialized
[2017.11.26-15.39.15:733][  0]LogInit: Selected Device Profile: [Windows]
[2017.11.26-15.39.15:733][  0]LogInit: Applying CVar settings loaded from the selected device profile: [Windows]
[2017.11.26-15.39.15:738][  0]LogInit: Computer: KANADE
[2017.11.26-15.39.15:738][  0]LogInit: User: Thibault
[2017.11.26-15.39.15:738][  0]LogInit: CPU Page size=4096, Cores=4
[2017.11.26-15.39.15:738][  0]LogInit: High frequency timer resolution =3.428066 MHz
[2017.11.26-15.39.15:738][  0]LogMemory: Memory total: Physical=15.9GB (16GB approx)
[2017.11.26-15.39.15:738][  0]LogMemory: Platform Memory Stats for Windows
[2017.11.26-15.39.15:738][  0]LogMemory: Process Physical Memory: 273.58 MB used, 273.58 MB peak
[2017.11.26-15.39.15:738][  0]LogMemory: Process Virtual Memory: 272.86 MB used, 272.86 MB peak
[2017.11.26-15.39.15:738][  0]LogMemory: Physical Memory: 9441.75 MB used,  6887.75 MB free, 16329.50 MB total
[2017.11.26-15.39.15:738][  0]LogMemory: Virtual Memory: 624.55 MB used,  6887.75 MB free, 8388608.00 MB total
[2017.11.26-15.39.15:861][  0]LogInit: Using OS detected language (fr-FR).
[2017.11.26-15.39.15:861][  0]LogInit: Using OS detected locale (fr-FR).
[2017.11.26-15.39.15:864][  0]LogTextLocalizationManager: No localization for 'fr-FR' exists, so 'en' will be used for the language.
[2017.11.26-15.39.15:864][  0]LogTextLocalizationManager: No localization for 'fr-FR' exists, so 'en' will be used for the locale.
[2017.11.26-15.39.16:341][  0]LogD3D11RHI: D3D11 adapters:
[2017.11.26-15.39.16:361][  0]LogD3D11RHI:    0. 'NVIDIA GeForce GTX 760' (Feature Level 11_0)
[2017.11.26-15.39.16:361][  0]LogD3D11RHI:       4027/0/7908 MB DedicatedVideo/DedicatedSystem/SharedSystem, Outputs:2, VendorId:0x10de
[2017.11.26-15.39.16:361][  0]LogD3D11RHI: Chosen D3D11 Adapter: 0
[2017.11.26-15.39.16:366][  0]LogD3D11RHI: Creating new Direct3DDevice
[2017.11.26-15.39.16:366][  0]LogD3D11RHI:     GPU DeviceId: 0x1187 (for the marketing name, search the web for "GPU Device Id")
[2017.11.26-15.39.16:366][  0]LogWindows: EnumDisplayDevices:
[2017.11.26-15.39.16:366][  0]LogWindows:    0. 'NVIDIA GeForce GTX 760' (P:1 D:1)
[2017.11.26-15.39.16:366][  0]LogWindows:    1. 'NVIDIA GeForce GTX 760' (P:0 D:1)
[2017.11.26-15.39.16:366][  0]LogWindows:    2. 'NVIDIA GeForce GTX 760' (P:0 D:0)
[2017.11.26-15.39.16:366][  0]LogWindows:    3. 'NVIDIA GeForce GTX 760' (P:0 D:0)
[2017.11.26-15.39.16:367][  0]LogWindows:    4. 'RDPDD Chained DD' (P:0 D:0)
[2017.11.26-15.39.16:367][  0]LogWindows:    5. 'RDP Encoder Mirror Driver' (P:0 D:0)
[2017.11.26-15.39.16:367][  0]LogWindows:    6. 'RDP Reflector Display Driver' (P:0 D:0)
[2017.11.26-15.39.16:367][  0]LogWindows: DebugString: GetVideoDriverDetailsInvalid PrimaryIsNotTheChoosenAdapter GetVideoDriverDetailsInvalid PrimaryIsNotTheChoosenAdapter GetVideoDriverDetailsInvalid PrimaryIsNotTheChoosenAdapter FoundDriverCount:4 
[2017.11.26-15.39.16:367][  0]LogD3D11RHI:     Adapter Name: NVIDIA GeForce GTX 760
[2017.11.26-15.39.16:367][  0]LogD3D11RHI:   Driver Version: 378.92 (internal:21.21.13.7892, unified:378.92)
[2017.11.26-15.39.16:367][  0]LogD3D11RHI:      Driver Date: 3-16-2017
[2017.11.26-15.39.16:367][  0]LogRHI: Texture pool is 2819 MB (70% of 4027 MB)
[2017.11.26-15.39.16:375][  0]LogD3D11RHI: Async texture creation enabled
[2017.11.26-15.39.16:390][  0]LogD3D11RHI: GPU Timing Frequency: 1000.000000 (Debug: 2 2)
[2017.11.26-15.39.16:483][  0]LogShaderCompilers: Guid format shader working directory is -26 characters bigger than the processId version (D:/Documents/Programmation/GreekMytholoJam2017/Intermediate/Shaders/WorkingDirectory/4508/).
[2017.11.26-15.39.16:483][  0]LogShaderCompilers: Cleaned the shader compiler working directory 'D:/Temp/UnrealShaderWorkingDir/B8BFD6F64B155AD8B4C72D86355A0F9C/'.
[2017.11.26-15.39.16:483][  0]LogShaderCompilers: Display: Using Local Shader Compiler.
[2017.11.26-15.39.17:378][  0]LogTemp: Display: Loaded TP WindowsClientTargetPlatform
[2017.11.26-15.39.17:419][  0]LogTemp: Display: Loaded TP WindowsNoEditorTargetPlatform
[2017.11.26-15.39.17:460][  0]LogTemp: Display: Loaded TP WindowsServerTargetPlatform
[2017.11.26-15.39.17:493][  0]LogTemp: Display: Loaded TP WindowsTargetPlatform
[2017.11.26-15.39.17:493][  0]LogTargetPlatformManager: Display: Building Assets For Windows
[2017.11.26-15.39.17:812][  0]LogDerivedDataCache: Display: Max Cache Size: 512 MB
[2017.11.26-15.39.17:885][  0]LogDerivedDataCache: Loaded boot cache 0.07s 78MB C:/Users/Thibault/AppData/Local/UnrealEngine/4.18/DerivedDataCache/Boot.ddc.
[2017.11.26-15.39.17:885][  0]LogDerivedDataCache: Display: Loaded Boot cache: C:/Users/Thibault/AppData/Local/UnrealEngine/4.18/DerivedDataCache/Boot.ddc
[2017.11.26-15.39.17:885][  0]LogDerivedDataCache: FDerivedDataBackendGraph:  Pak pak cache file D:/Documents/Programmation/GreekMytholoJam2017/DerivedDataCache/DDC.ddp not found, will not use a pak cache.
[2017.11.26-15.39.17:885][  0]LogDerivedDataCache: Unable to find inner node Pak for hierarchical cache Hierarchy.
[2017.11.26-15.39.17:885][  0]LogDerivedDataCache: FDerivedDataBackendGraph:  CompressedPak pak cache file D:/Documents/Programmation/GreekMytholoJam2017/DerivedDataCache/Compressed.ddp not found, will not use a pak cache.
[2017.11.26-15.39.17:885][  0]LogDerivedDataCache: Unable to find inner node CompressedPak for hierarchical cache Hierarchy.
[2017.11.26-15.39.17:903][  0]LogDerivedDataCache: Display: Pak cache opened for reading ../../../Engine/DerivedDataCache/Compressed.ddp.
[2017.11.26-15.39.17:914][  0]LogDerivedDataCache: Using Local data cache path C:/Users/Thibault/AppData/Local/UnrealEngine/Common/DerivedDataCache: Writable
[2017.11.26-15.39.17:924][  0]LogMaterial: Verifying Global Shaders for PCD3D_SM5
[2017.11.26-15.39.17:925][  0]LogSlate: Using Freetype 2.6.0
[2017.11.26-15.39.17:925][  0]LogSlate: SlateFontCache - WITH_FREETYPE: 1, WITH_HARFBUZZ: 1
[2017.11.26-15.39.17:925][  0]LogSlate: SlateFontCache - WITH_FREETYPE: 1, WITH_HARFBUZZ: 1
[2017.11.26-15.39.18:220][  0]LogAssetRegistry: FAssetRegistry took 0.0046 seconds to start up
[2017.11.26-15.39.18:226][  0]LogPackageLocalizationCache: Processed 7 localized package path(s) for 1 prioritized culture(s) in 0.005621 seconds
[2017.11.26-15.39.18:324][  0]LogInit: Selected Device Profile: [Windows]
[2017.11.26-15.39.18:584][  0]LogSimplygon: Simplygon DLL not present - disabling.
[2017.11.26-15.39.18:614][  0]LogMeshReduction: Using SimplygonSwarm for distributed automatic mesh merging
[2017.11.26-15.39.18:614][  0]LogMeshReduction: Using QuadricMeshReduction for automatic static mesh reduction
[2017.11.26-15.39.18:614][  0]LogMeshReduction: No automatic skeletal mesh reduction module available
[2017.11.26-15.39.18:614][  0]LogMeshReduction: No automatic mesh merging module available
[2017.11.26-15.39.18:614][  0]LogMeshMerging: No automatic mesh merging module available
[2017.11.26-15.39.18:640][  0]LogNetVersion: GreekMytholoJam2017 , NetCL: 3709383, EngineNetVer: 2, GameNetVer: 0 (Checksum: 3373565586)
[2017.11.26-15.39.18:858][  0]LogInit: Warning: Passing commandline switches using / instead of - has been deprecated and will be removed in future versions of Unreal Engine.
[2017.11.26-15.39.18:859][  0]LogInit: Warning: Passing commandline switches using / instead of - has been deprecated and will be removed in future versions of Unreal Engine.
[2017.11.26-15.39.18:859][  0]LogInit: Warning: Passing commandline switches using / instead of - has been deprecated and will be removed in future versions of Unreal Engine.
[2017.11.26-15.39.19:096][  0]LogInit: WinSock: version 1.1 (2.2), MaxSocks=32767, MaxUdp=65467
[2017.11.26-15.39.20:057][  0]LogMoviePlayer: Initializing movie player
[2017.11.26-15.39.20:346][  0]LogCollectionManager: Loaded 0 collections in 0.001016 seconds
[2017.11.26-15.39.20:388][  0]LogFileCache: Scanning file cache for directory 'D:/Documents/Programmation/GreekMytholoJam2017/Saved/Collections/' took 0.01s
[2017.11.26-15.39.20:388][  0]LogFileCache: Scanning file cache for directory 'D:/Documents/Programmation/GreekMytholoJam2017/Content/Developers/Thibault/Collections/' took 0.01s
[2017.11.26-15.39.20:388][  0]LogFileCache: Scanning file cache for directory 'D:/Documents/Programmation/GreekMytholoJam2017/Content/Collections/' took 0.01s
[2017.11.26-15.39.20:388][  0]LogCollectionManager: Rebuilt the object cache for 0 collections in 0.000001 seconds (found 0 objects)
[2017.11.26-15.39.20:388][  0]LogCollectionManager: Fixed up redirectors for 0 collections in 0.000077 seconds (updated 0 objects)
[2017.11.26-15.39.20:517][  0]LogTcpMessaging: Initializing TcpMessaging bridge
[2017.11.26-15.39.20:548][  0]LogUdpMessaging: Initializing bridge on interface 0.0.0.0:0 to multicast group 230.0.0.1:6666.
[2017.11.26-15.39.20:929][  0]LogInit: Warning: Passing commandline switches using / instead of - has been deprecated and will be removed in future versions of Unreal Engine.
[2017.11.26-15.39.20:929][  0]SourceControl: Source control is disabled
[2017.11.26-15.39.20:929][  0]SourceControl: Source control is disabled
[2017.11.26-15.39.20:967][  0]SourceControl: Source control is disabled
[2017.11.26-15.39.21:256][  0]LogAndroidPermission: UAndroidPermissionCallbackProxy::GetInstance
[2017.11.26-15.39.21:449][  0]LogOcInput: OculusInput pre-init called
[2017.11.26-15.39.21:532][  0]LogUObjectArray: 38953 objects as part of root set at end of initial load.
[2017.11.26-15.39.21:532][  0]LogUObjectAllocator: 8357512 out of 0 bytes used by permanent object pool.
[2017.11.26-15.39.21:532][  0]LogUObjectArray: CloseDisregardForGC: 0/0 objects in disregard for GC pool
[2017.11.26-15.39.21:620][  0]LogEngine: Initializing Engine...
[2017.11.26-15.39.21:624][  0]LogHMD: Failed to initialize OpenVR with code 105
[2017.11.26-15.39.21:810][  0]LogStats: UGameplayTagsManager::ConstructGameplayTagTree: Construct from data asset -  0.000 s
[2017.11.26-15.39.21:810][  0]LogStats: UGameplayTagsManager::ConstructGameplayTagTree: GameplayTagTreeChangedEvent.Broadcast -  0.000 s
[2017.11.26-15.39.21:828][  0]LogInit: XAudio2 using 'Haut-parleurs (Realtek High Definition Audio)' : 2 channels at 48 kHz using 32 bits per sample (channel mask 0x3)
[2017.11.26-15.39.21:839][  0]LogInit: FAudioDevice initialized.
[2017.11.26-15.39.21:867][  0]LogInit: Texture streaming: Enabled
[2017.11.26-15.39.21:883][  0]LogMaterial: Uniform references updated for custom material expression Custom.
[2017.11.26-15.39.22:136][  0]LogInit: Warning: Passing commandline switches using / instead of - has been deprecated and will be removed in future versions of Unreal Engine.
[2017.11.26-15.39.22:169][  0]LogInit: Display: Game Engine Initialized.
[2017.11.26-15.39.22:169][  0]LogGameplayTags: Display: UGameplayTagsManager::DoneAddingNativeTags. DelegateIsBound: 0
[2017.11.26-15.39.22:288][  0]LogInit: Display: Starting Game.
[2017.11.26-15.39.22:288][  0]LogNet: Browse: /Game/FirstPersonBP/Maps/FirstPersonExampleMap?Name=Player
[2017.11.26-15.39.22:289][  0]LogLoad: LoadMap: /Game/FirstPersonBP/Maps/FirstPersonExampleMap?Name=Player
[2017.11.26-15.39.22:702][  0]LogAIModule: Creating AISystem for world FirstPersonExampleMap
[2017.11.26-15.39.22:702][  0]LogLoad: Game class is 'FirstPersonGameMode_C'
[2017.11.26-15.39.22:710][  0]LogWorld: Bringing World /Game/FirstPersonBP/Maps/FirstPersonExampleMap.FirstPersonExampleMap up for play (max tick rate 0) at 2017.11.26-16.39.22
[2017.11.26-15.39.22:710][  0]LogWorld: Bringing up level for play took: 0.006860
[2017.11.26-15.39.22:712][  0]LogLoad: Took 0.423259 seconds to LoadMap(/Game/FirstPersonBP/Maps/FirstPersonExampleMap)
[2017.11.26-15.39.22:892][  0]LogRenderer: Reallocating scene render targets to support 1280x720 Format 10 NumSamples 1 (Frame:1).
[2017.11.26-15.39.22:892][  0]LogLoad: (Engine Initialization) Total time: 9.10 seconds
[2017.11.26-15.39.22:892][  0]LogLoad: (Engine Initialization) Total Blueprint compile time: 0.00 seconds
[2017.11.26-15.39.22:892][  0]LogExternalProfiler: Found external profiler: VSPerf
[2017.11.26-15.39.22:893][  0]LogExternalProfiler: Using external profiler: VSPerf
[2017.11.26-15.39.22:917][  0]LogContentStreaming: Texture pool size now 1000 MB
[2017.11.26-15.39.26:851][237]LogWindowsTextInputMethodSystem: Display: IME system now deactivated.
[2017.11.26-15.39.26:851][237]LogEngine: All Windows Closed
[2017.11.26-15.39.26:851][237]LogWindows: FPlatformMisc::RequestExit(0)
[2017.11.26-15.39.27:628][238]LogExit: Preparing to exit.
[2017.11.26-15.39.27:628][238]LogMoviePlayer: Shutting down movie player
[2017.11.26-15.39.28:590][238]LogExit: Game engine shut down
[2017.11.26-15.39.28:640][238]LogExit: Object subsystem successfully closed.
[2017.11.26-15.39.28:651][238]LogD3D11RHI: Shutdown
[2017.11.26-15.39.28:651][238]LogD3D11RHI: CleanupD3DDevice
[2017.11.26-15.39.28:652][238]LogD3D11RHI: ~FD3D11DynamicRHI
[2017.11.26-15.39.28:658][238]LogModuleManager: Shutting down and abandoning module SequenceRecorderSections (312)
[2017.11.26-15.39.28:659][238]LogModuleManager: Shutting down and abandoning module SequenceRecorder (310)
[2017.11.26-15.39.28:659][238]LogModuleManager: Shutting down and abandoning module AutomationController (308)
[2017.11.26-15.39.28:659][238]LogModuleManager: Shutting down and abandoning module AutomationWorker (306)
[2017.11.26-15.39.28:659][238]LogModuleManager: Shutting down and abandoning module AIModule (304)
[2017.11.26-15.39.28:659][238]LogModuleManager: Shutting down and abandoning module GameplayDebugger (303)
[2017.11.26-15.39.28:659][238]LogModuleManager: Shutting down and abandoning module AITestSuite (301)
[2017.11.26-15.39.28:659][238]LogModuleManager: Shutting down and abandoning module WmfMediaFactory (298)
[2017.11.26-15.39.28:659][238]LogModuleManager: Shutting down and abandoning module OpenExrWrapper (296)
[2017.11.26-15.39.28:659][238]LogModuleManager: Shutting down and abandoning module ImgMediaFactory (294)
[2017.11.26-15.39.28:659][238]LogModuleManager: Shutting down and abandoning module AvfMediaFactory (292)
[2017.11.26-15.39.28:659][238]LogModuleManager: Shutting down and abandoning module CharacterAI (290)
[2017.11.26-15.39.28:659][238]LogModuleManager: Shutting down and abandoning module SessionServices (288)
[2017.11.26-15.39.28:659][238]LogModuleManager: Shutting down and abandoning module MovieSceneCapture (286)
[2017.11.26-15.39.28:659][238]LogModuleManager: Shutting down and abandoning module MovieSceneTracks (284)
[2017.11.26-15.39.28:659][238]LogModuleManager: Shutting down and abandoning module MovieScene (282)
[2017.11.26-15.39.28:659][238]LogModuleManager: Shutting down and abandoning module GeometryCache (280)
[2017.11.26-15.39.28:659][238]LogModuleManager: Shutting down and abandoning module GeometryCacheEd (279)
[2017.11.26-15.39.28:659][238]LogModuleManager: Shutting down and abandoning module StreamingPauseRendering (276)
[2017.11.26-15.39.28:659][238]LogModuleManager: Shutting down and abandoning module PortalServices (274)
[2017.11.26-15.39.28:659][238]LogModuleManager: Shutting down and abandoning module PortalRpc (272)
[2017.11.26-15.39.28:659][238]LogModuleManager: Shutting down and abandoning module MessagingRpc (270)
[2017.11.26-15.39.28:659][238]LogModuleManager: Shutting down and abandoning module ProfilerService (268)
[2017.11.26-15.39.28:835][238]LogModuleManager: Shutting down and abandoning module TaskGraph (266)
[2017.11.26-15.39.28:835][238]LogModuleManager: Shutting down and abandoning module SteamVRController (264)
[2017.11.26-15.39.28:835][238]LogModuleManager: Shutting down and abandoning module ProceduralMeshComponent (262)
[2017.11.26-15.39.28:835][238]LogModuleManager: Shutting down and abandoning module OculusInput (260)
[2017.11.26-15.39.28:835][238]LogModuleManager: Shutting down and abandoning module MobilePatchingUtils (258)
[2017.11.26-15.39.28:835][238]LogModuleManager: Shutting down and abandoning module CustomMeshComponent (256)
[2017.11.26-15.39.28:835][238]LogModuleManager: Shutting down and abandoning module CableComponent (254)
[2017.11.26-15.39.28:835][238]LogModuleManager: Shutting down and abandoning module ArchVisCharacter (252)
[2017.11.26-15.39.28:835][238]LogModuleManager: Shutting down and abandoning module AndroidPermission (250)
[2017.11.26-15.39.28:835][238]LogModuleManager: Shutting down and abandoning module ActorSequence (246)
[2017.11.26-15.39.28:835][238]LogModuleManager: Shutting down and abandoning module MediaCompositing (244)
[2017.11.26-15.39.28:835][238]LogModuleManager: Shutting down and abandoning module HTML5Networking (242)
[2017.11.26-15.39.28:835][238]LogModuleManager: Shutting down and abandoning module VisualStudioSourceCodeAccess (240)
[2017.11.26-15.39.28:836][238]LogModuleManager: Shutting down and abandoning module HotReload (239)
[2017.11.26-15.39.28:836][238]LogModuleManager: Shutting down and abandoning module VisualStudioCodeSourceCodeAccess (236)
[2017.11.26-15.39.28:836][238]LogModuleManager: Shutting down and abandoning module UObjectPlugin (234)
[2017.11.26-15.39.28:836][238]LogModuleManager: Shutting down and abandoning module SubversionSourceControl (232)
[2017.11.26-15.39.28:836][238]LogModuleManager: Shutting down and abandoning module PerforceSourceControl (230)
[2017.11.26-15.39.28:836][238]LogModuleManager: Shutting down and abandoning module SourceControl (229)
[2017.11.26-15.39.28:836][238]LogModuleManager: Shutting down and abandoning module RuntimePhysXCooking (226)
[2017.11.26-15.39.28:836][238]LogModuleManager: Shutting down and abandoning module PhysXVehiclesEditor (224)
[2017.11.26-15.39.28:836][238]LogModuleManager: Shutting down and abandoning module PhysXVehicles (222)
[2017.11.26-15.39.28:836][238]LogModuleManager: Shutting down and abandoning module LocationServicesBPLibrary (220)
[2017.11.26-15.39.28:836][238]LogModuleManager: Shutting down and abandoning module ImmediatePhysicsEditor (218)
[2017.11.26-15.39.28:836][238]LogModuleManager: Shutting down and abandoning module ImmediatePhysics (216)
[2017.11.26-15.39.28:836][238]LogModuleManager: Shutting down and abandoning module UdpMessaging (214)
[2017.11.26-15.39.28:936][238]LogModuleManager: Shutting down and abandoning module TcpMessaging (212)
[2017.11.26-15.39.29:518][238]LogModuleManager: Shutting down and abandoning module GameplayTagsEditor (210)
[2017.11.26-15.39.29:518][238]LogModuleManager: Shutting down and abandoning module FacialAnimation (208)
[2017.11.26-15.39.29:518][238]LogModuleManager: Shutting down and abandoning module AssetManagerEditor (206)
[2017.11.26-15.39.29:518][238]LogModuleManager: Shutting down and abandoning module GraphEditor (205)
[2017.11.26-15.39.29:519][238]LogModuleManager: Shutting down and abandoning module ContentBrowser (203)
[2017.11.26-15.39.29:519][238]LogModuleManager: Shutting down and abandoning module CollectionManager (202)
[2017.11.26-15.39.29:519][238]LogDirectoryWatcher: A directory notification for 'D:/Documents/Programmation/GreekMytholoJam2017/Content/Collections/' was aborted.
[2017.11.26-15.39.29:519][238]LogDirectoryWatcher: A directory notification for 'D:/Documents/Programmation/GreekMytholoJam2017/Content/Developers/Thibault/Collections/' was aborted.
[2017.11.26-15.39.29:519][238]LogDirectoryWatcher: A directory notification for 'D:/Documents/Programmation/GreekMytholoJam2017/Saved/Collections/' was aborted.
[2017.11.26-15.39.29:519][238]LogModuleManager: Shutting down and abandoning module DirectoryWatcher (201)
[2017.11.26-15.39.29:519][238]LogModuleManager: Shutting down and abandoning module LightPropagationVolumeRuntime (196)
[2017.11.26-15.39.29:519][238]LogModuleManager: Shutting down and abandoning module Paper2D (194)
[2017.11.26-15.39.29:519][238]LogModuleManager: Shutting down and abandoning module WindowsMoviePlayer (192)
[2017.11.26-15.39.29:519][238]LogModuleManager: Shutting down and abandoning module WmfMedia (190)
[2017.11.26-15.39.29:520][238]LogModuleManager: Shutting down and abandoning module ImgMedia (188)
[2017.11.26-15.39.29:520][238]LogModuleManager: Shutting down and abandoning module PacketHandler (186)
[2017.11.26-15.39.29:520][238]LogModuleManager: Shutting down and abandoning module ClothingSystemEditor (184)
[2017.11.26-15.39.29:520][238]LogModuleManager: Shutting down and abandoning module ClothingSystemRuntime (182)
[2017.11.26-15.39.29:520][238]LogModuleManager: Shutting down and abandoning module MediaAssets (180)
[2017.11.26-15.39.29:520][238]LogModuleManager: Shutting down and abandoning module Media (179)
[2017.11.26-15.39.29:525][238]LogModuleManager: Shutting down and abandoning module Overlay (176)
[2017.11.26-15.39.29:525][238]LogModuleManager: Shutting down and abandoning module OverlayEditor (175)
[2017.11.26-15.39.29:525][238]LogModuleManager: Shutting down and abandoning module VREditor (172)
[2017.11.26-15.39.29:525][238]LogModuleManager: Shutting down and abandoning module StringTableEditor (170)
[2017.11.26-15.39.29:525][238]LogModuleManager: Shutting down and abandoning module GameplayTasksEditor (168)
[2017.11.26-15.39.29:525][238]LogModuleManager: Shutting down and abandoning module BehaviorTreeEditor (166)
[2017.11.26-15.39.29:525][238]LogModuleManager: Shutting down and abandoning module FunctionalTesting (164)
[2017.11.26-15.39.29:525][238]LogModuleManager: Shutting down and abandoning module CollisionAnalyzer (162)
[2017.11.26-15.39.29:525][238]LogModuleManager: Shutting down and abandoning module WorkspaceMenuStructure (161)
[2017.11.26-15.39.29:525][238]LogModuleManager: Shutting down and abandoning module UMG (158)
[2017.11.26-15.39.29:525][238]LogModuleManager: Shutting down and abandoning module UMGEditor (157)
[2017.11.26-15.39.29:525][238]LogModuleManager: Shutting down and abandoning module Sequencer (156)
[2017.11.26-15.39.29:525][238]LogModuleManager: Shutting down and abandoning module MessageLog (153)
[2017.11.26-15.39.29:525][238]LogModuleManager: Shutting down and abandoning module SlateReflector (148)
[2017.11.26-15.39.29:526][238]LogModuleManager: Shutting down and abandoning module Slate (146)
[2017.11.26-15.39.29:526][238]LogModuleManager: Shutting down and abandoning module EditorStyle (144)
[2017.11.26-15.39.29:529][238]LogModuleManager: Shutting down and abandoning module MRMesh (142)
[2017.11.26-15.39.29:529][238]LogModuleManager: Shutting down and abandoning module Messaging (140)
[2017.11.26-15.39.29:529][238]LogModuleManager: Shutting down and abandoning module SourceCodeAccess (138)
[2017.11.26-15.39.29:529][238]LogModuleManager: Shutting down and abandoning module HeadMountedDisplay (136)
[2017.11.26-15.39.29:529][238]LogModuleManager: Shutting down and abandoning module XAudio2 (134)
[2017.11.26-15.39.29:529][238]LogModuleManager: Shutting down and abandoning module Networking (132)
[2017.11.26-15.39.29:529][238]LogModuleManager: Shutting down and abandoning module Core (128)
[2017.11.26-15.39.29:529][238]LogModuleManager: Shutting down and abandoning module LevelSequence (126)
[2017.11.26-15.39.29:529][238]LogModuleManager: Shutting down and abandoning module KismetCompiler (124)
[2017.11.26-15.39.29:529][238]LogModuleManager: Shutting down and abandoning module MeshUtilities (122)
[2017.11.26-15.39.29:529][238]LogModuleManager: Shutting down and abandoning module MeshMergeUtilities (121)
[2017.11.26-15.39.29:529][238]LogModuleManager: Shutting down and abandoning module MeshReductionInterface (120)
[2017.11.26-15.39.29:529][238]LogModuleManager: Shutting down and abandoning module SimplygonSwarm (119)
[2017.11.26-15.39.29:529][238]LogModuleManager: Shutting down and abandoning module SimplygonMeshReduction (117)
[2017.11.26-15.39.29:529][238]LogModuleManager: Shutting down and abandoning module QuadricMeshReduction (115)
[2017.11.26-15.39.29:529][238]LogModuleManager: Shutting down and abandoning module MaterialBaking (111)
[2017.11.26-15.39.29:529][238]LogModuleManager: Shutting down and abandoning module DerivedDataCache (106)
[2017.11.26-15.39.29:905][238]LogDerivedDataCache: Shutdown
[2017.11.26-15.39.29:906][238]LogModuleManager: Shutting down and abandoning module TargetPlatform (104)
[2017.11.26-15.39.29:906][238]LogModuleManager: Shutting down and abandoning module VulkanShaderFormat (103)
[2017.11.26-15.39.29:906][238]LogModuleManager: Shutting down and abandoning module ShaderFormatVectorVM (101)
[2017.11.26-15.39.29:906][238]LogModuleManager: Shutting down and abandoning module ShaderFormatOpenGL (99)
[2017.11.26-15.39.29:906][238]LogModuleManager: Shutting down and abandoning module ShaderFormatD3D (97)
[2017.11.26-15.39.29:906][238]LogModuleManager: Shutting down and abandoning module MetalShaderFormat (95)
[2017.11.26-15.39.29:906][238]LogModuleManager: Shutting down and abandoning module TextureFormatUncompressed (93)
[2017.11.26-15.39.29:906][238]LogModuleManager: Shutting down and abandoning module TextureFormatPVR (91)
[2017.11.26-15.39.29:906][238]LogModuleManager: Shutting down and abandoning module TextureFormatDXT (89)
[2017.11.26-15.39.29:906][238]LogModuleManager: Shutting down and abandoning module TextureFormatIntelISPCTexComp (87)
[2017.11.26-15.39.29:906][238]LogModuleManager: Shutting down and abandoning module TextureFormatASTC (85)
[2017.11.26-15.39.29:906][238]LogModuleManager: Shutting down and abandoning module ImageWrapper (84)
[2017.11.26-15.39.29:906][238]LogModuleManager: Shutting down and abandoning module TextureFormatAndroid (81)
[2017.11.26-15.39.29:906][238]LogModuleManager: Shutting down and abandoning module AudioFormatOpus (79)
[2017.11.26-15.39.29:906][238]LogModuleManager: Shutting down and abandoning module AudioFormatOgg (77)
[2017.11.26-15.39.29:906][238]LogModuleManager: Shutting down and abandoning module AudioFormatADPCM (75)
[2017.11.26-15.39.29:906][238]LogModuleManager: Shutting down and abandoning module WindowsTargetPlatform (73)
[2017.11.26-15.39.29:906][238]LogModuleManager: Shutting down and abandoning module WindowsServerTargetPlatform (71)
[2017.11.26-15.39.29:906][238]LogModuleManager: Shutting down and abandoning module WindowsNoEditorTargetPlatform (69)
[2017.11.26-15.39.29:906][238]LogModuleManager: Shutting down and abandoning module WindowsClientTargetPlatform (67)
[2017.11.26-15.39.29:906][238]LogModuleManager: Shutting down and abandoning module InputCore (64)
[2017.11.26-15.39.29:906][238]LogModuleManager: Shutting down and abandoning module Settings (62)
[2017.11.26-15.39.29:906][238]LogModuleManager: Shutting down and abandoning module PhysXCooking (60)
[2017.11.26-15.39.29:906][238]LogModuleManager: Shutting down and abandoning module SteamVR (58)
[2017.11.26-15.39.29:906][238]LogModuleManager: Shutting down and abandoning module OculusHMD (56)
[2017.11.26-15.39.29:906][238]LogModuleManager: Shutting down and abandoning module ExampleDeviceProfileSelector (54)
[2017.11.26-15.39.29:906][238]LogModuleManager: Shutting down and abandoning module AppleARKit (52)
[2017.11.26-15.39.29:906][238]LogModuleManager: Shutting down and abandoning module AugmentedReality (51)
[2017.11.26-15.39.29:906][238]LogModuleManager: Shutting down and abandoning module OnlineBlueprintSupport (48)
[2017.11.26-15.39.29:906][238]LogModuleManager: Shutting down and abandoning module OnlineSubsystem (44)
[2017.11.26-15.39.29:906][238]LogModuleManager: Shutting down and abandoning module XMPP (43)
[2017.11.26-15.39.29:907][238]LogModuleManager: Shutting down and abandoning module HTTP (41)
[2017.11.26-15.39.29:924][238]LogModuleManager: Shutting down and abandoning module SSL (40)
[2017.11.26-15.39.29:926][238]LogModuleManager: Shutting down and abandoning module AnimationModifiers (36)
[2017.11.26-15.39.29:926][238]LogModuleManager: Shutting down and abandoning module PropertyEditor (35)
[2017.11.26-15.39.29:926][238]LogModuleManager: Shutting down and abandoning module AudioEditor (32)
[2017.11.26-15.39.29:926][238]LogModuleManager: Shutting down and abandoning module TextureCompressor (30)
[2017.11.26-15.39.29:926][238]LogModuleManager: Shutting down and abandoning module ShaderCore (28)
[2017.11.26-15.39.29:926][238]LogModuleManager: Shutting down and abandoning module Landscape (26)
[2017.11.26-15.39.29:927][238]LogModuleManager: Shutting down and abandoning module SlateRHIRenderer (24)
[2017.11.26-15.39.29:927][238]LogModuleManager: Shutting down and abandoning module OpenGLDrv (22)
[2017.11.26-15.39.29:927][238]LogModuleManager: Shutting down and abandoning module D3D11RHI (20)
[2017.11.26-15.39.29:927][238]LogModuleManager: Shutting down and abandoning module AnimGraphRuntime (18)
[2017.11.26-15.39.29:927][238]LogModuleManager: Shutting down and abandoning module Renderer (16)
[2017.11.26-15.39.29:927][238]LogModuleManager: Shutting down and abandoning module Engine (14)
[2017.11.26-15.39.29:927][238]LogModuleManager: Shutting down and abandoning module CoreUObject (12)
[2017.11.26-15.39.29:927][238]LogModuleManager: Shutting down and abandoning module NetworkFile (10)
[2017.11.26-15.39.29:927][238]LogModuleManager: Shutting down and abandoning module CookedIterativeFile (8)
[2017.11.26-15.39.29:927][238]LogModuleManager: Shutting down and abandoning module StreamingFile (6)
[2017.11.26-15.39.29:927][238]LogModuleManager: Shutting down and abandoning module SandboxFile (4)
[2017.11.26-15.39.29:927][238]LogModuleManager: Shutting down and abandoning module PakFile (2)
[2017.11.26-15.39.29:930][238]LogExit: Exiting.
[2017.11.26-15.39.29:932][238]Log file closed, 11/26/17 16:39:29
