Log file open, 12/01/17 23:04:05
LogWindows: Failed to load 'aqProf.dll' (GetLastError=126)
LogWindows: File 'aqProf.dll' does not exist
LogWindows: Failed to load 'VtuneApi.dll' (GetLastError=126)
LogWindows: File 'VtuneApi.dll' does not exist
LogWindows: Failed to load 'VtuneApi32e.dll' (GetLastError=126)
LogWindows: File 'VtuneApi32e.dll' does not exist
LogInit: Display: Running engine for game: GreekMytholoJam2017
LogPlatformFile: Not using cached read wrapper
LogInit: Display: RandInit(-1420928020) SRandInit(-1420928020).
LogInit: Read version file with build ID '3709383'
LogInit: Overriding engine version to CL 3709383, compatible CL 3709383
LogInit: Registered custom module enumerator with build ID '3709383'
LogTaskGraph: Started task graph with 5 named threads and 14 total threads with 3 sets of task threads.
LogStats: Stats thread started at 0.277261
LogD3D11RHI: Aftermath initialized
LogModuleManager: Display: Found up-to-date module file ../../../Engine/Plugins/Marketplace/Substance/Binaries/Win64/UE4Editor-SubstanceCore.dll (API version 3709383).
LogModuleManager: Display: Found up-to-date module file ../../../Engine/Plugins/Marketplace/Substance/Binaries/Win64/UE4Editor-SubstanceEditor.dll (API version 3709383).
LogModuleManager: Display: Found up-to-date module file ../../../Engine/Plugins/Marketplace/Substance/Binaries/Win64/UE4Editor-SubstanceSource.dll (API version 3709383).
LogModuleManager: Display: Found up-to-date module file ../../../Engine/Plugins/2D/Paper2D/Binaries/Win64/UE4Editor-Paper2D.dll (API version 3709383).
LogModuleManager: Display: Found up-to-date module file ../../../Engine/Plugins/2D/Paper2D/Binaries/Win64/UE4Editor-Paper2DEditor.dll (API version 3709383).
LogModuleManager: Display: Found up-to-date module file ../../../Engine/Plugins/2D/Paper2D/Binaries/Win64/UE4Editor-PaperSpriteSheetImporter.dll (API version 3709383).
LogModuleManager: Display: Found up-to-date module file ../../../Engine/Plugins/2D/Paper2D/Binaries/Win64/UE4Editor-PaperTiledImporter.dll (API version 3709383).
LogModuleManager: Display: Found up-to-date module file ../../../Engine/Plugins/2D/Paper2D/Binaries/Win64/UE4Editor-SmartSnapping.dll (API version 3709383).
LogModuleManager: Display: Found up-to-date module file ../../../Engine/Plugins/Blendables/LightPropagationVolume/Binaries/Win64/UE4Editor-LightPropagationVolumeRuntime.dll (API version 3709383).
LogModuleManager: Display: Found up-to-date module file ../../../Engine/Plugins/Blendables/LightPropagationVolume/Binaries/Win64/UE4Editor-LightPropagationVolumeEditor.dll (API version 3709383).
LogModuleManager: Display: Found up-to-date module file ../../../Engine/Plugins/Developer/GitSourceControl/Binaries/Win64/UE4Editor-GitSourceControl.dll (API version 3709383).
LogModuleManager: Display: Found up-to-date module file ../../../Engine/Plugins/Developer/PerforceSourceControl/Binaries/Win64/UE4Editor-PerforceSourceControl.dll (API version 3709383).
LogModuleManager: Display: Found up-to-date module file ../../../Engine/Plugins/Developer/SubversionSourceControl/Binaries/Win64/UE4Editor-SubversionSourceControl.dll (API version 3709383).
LogModuleManager: Display: Found up-to-date module file ../../../Engine/Plugins/Developer/UObjectPlugin/Binaries/Win64/UE4Editor-UObjectPlugin.dll (API version 3709383).
LogModuleManager: Display: Found up-to-date module file ../../../Engine/Plugins/Developer/VisualStudioCodeSourceCodeAccess/Binaries/Win64/UE4Editor-VisualStudioCodeSourceCodeAccess.dll (API version 3709383).
LogModuleManager: Display: Found up-to-date module file ../../../Engine/Plugins/Developer/VisualStudioSourceCodeAccess/Binaries/Win64/UE4Editor-VisualStudioSourceCodeAccess.dll (API version 3709383).
LogModuleManager: Display: Found up-to-date module file ../../../Engine/Plugins/Editor/AssetManagerEditor/Binaries/Win64/UE4Editor-AssetManagerEditor.dll (API version 3709383).
LogModuleManager: Display: Found up-to-date module file ../../../Engine/Plugins/Editor/AudioCapture/Binaries/Win64/UE4Editor-AudioCapture.dll (API version 3709383).
LogModuleManager: Display: Found up-to-date module file ../../../Engine/Plugins/Editor/FacialAnimation/Binaries/Win64/UE4Editor-FacialAnimation.dll (API version 3709383).
LogModuleManager: Display: Found up-to-date module file ../../../Engine/Plugins/Editor/FacialAnimation/Binaries/Win64/UE4Editor-FacialAnimationEditor.dll (API version 3709383).
LogModuleManager: Display: Found up-to-date module file ../../../Engine/Plugins/Editor/GameplayTagsEditor/Binaries/Win64/UE4Editor-GameplayTagsEditor.dll (API version 3709383).
LogModuleManager: Display: Found up-to-date module file ../../../Engine/Plugins/Editor/MobileLauncherProfileWizard/Binaries/Win64/UE4Editor-MobileLauncherProfileWizard.dll (API version 3709383).
LogModuleManager: Display: Found up-to-date module file ../../../Engine/Plugins/Editor/PluginBrowser/Binaries/Win64/UE4Editor-PluginBrowser.dll (API version 3709383).
LogModuleManager: Display: Found up-to-date module file ../../../Engine/Plugins/Editor/SpeedTreeImporter/Binaries/Win64/UE4Editor-SpeedTreeImporter.dll (API version 3709383).
LogModuleManager: Display: Found up-to-date module file ../../../Engine/Plugins/Experimental/AlembicImporter/Binaries/Win64/UE4Editor-AlembicImporter.dll (API version 3709383).
LogModuleManager: Display: Found up-to-date module file ../../../Engine/Plugins/Experimental/AlembicImporter/Binaries/Win64/UE4Editor-AlembicLibrary.dll (API version 3709383).
LogModuleManager: Display: Found up-to-date module file ../../../Engine/Plugins/Experimental/CharacterAI/Binaries/Win64/UE4Editor-CharacterAI.dll (API version 3709383).
LogModuleManager: Display: Found up-to-date module file ../../../Engine/Plugins/Experimental/HTML5Networking/Binaries/Win64/UE4Editor-HTML5Networking.dll (API version 3709383).
LogModuleManager: Display: Found up-to-date module file ../../../Engine/Plugins/Media/AndroidMedia/Binaries/Win64/UE4Editor-AndroidMediaEditor.dll (API version 3709383).
LogModuleManager: Display: Found up-to-date module file ../../../Engine/Plugins/Media/AndroidMedia/Binaries/Win64/UE4Editor-AndroidMediaFactory.dll (API version 3709383).
LogModuleManager: Display: Found up-to-date module file ../../../Engine/Plugins/Media/AvfMedia/Binaries/Win64/UE4Editor-AvfMediaEditor.dll (API version 3709383).
LogModuleManager: Display: Found up-to-date module file ../../../Engine/Plugins/Media/AvfMedia/Binaries/Win64/UE4Editor-AvfMediaFactory.dll (API version 3709383).
LogModuleManager: Display: Found up-to-date module file ../../../Engine/Plugins/Media/AvfMedia/Binaries/Win64/UE4Editor-AvfMediaFactory.dll (API version 3709383).
LogModuleManager: Display: Found up-to-date module file ../../../Engine/Plugins/Media/ImgMedia/Binaries/Win64/UE4Editor-ImgMedia.dll (API version 3709383).
LogModuleManager: Display: Found up-to-date module file ../../../Engine/Plugins/Media/ImgMedia/Binaries/Win64/UE4Editor-ImgMediaEditor.dll (API version 3709383).
LogModuleManager: Display: Found up-to-date module file ../../../Engine/Plugins/Media/ImgMedia/Binaries/Win64/UE4Editor-ImgMediaFactory.dll (API version 3709383).
LogModuleManager: Display: Found up-to-date module file ../../../Engine/Plugins/Media/ImgMedia/Binaries/Win64/UE4Editor-ImgMediaFactory.dll (API version 3709383).
LogModuleManager: Display: Found up-to-date module file ../../../Engine/Plugins/Media/ImgMedia/Binaries/Win64/UE4Editor-OpenExrWrapper.dll (API version 3709383).
LogModuleManager: Display: Found up-to-date module file ../../../Engine/Plugins/Media/MediaCompositing/Binaries/Win64/UE4Editor-MediaCompositing.dll (API version 3709383).
LogModuleManager: Display: Found up-to-date module file ../../../Engine/Plugins/Media/MediaCompositing/Binaries/Win64/UE4Editor-MediaCompositingEditor.dll (API version 3709383).
LogModuleManager: Display: Found up-to-date module file ../../../Engine/Plugins/Media/MediaPlayerEditor/Binaries/Win64/UE4Editor-MediaPlayerEditor.dll (API version 3709383).
LogModuleManager: Display: Found up-to-date module file ../../../Engine/Plugins/Media/WmfMedia/Binaries/Win64/UE4Editor-WmfMedia.dll (API version 3709383).
LogModuleManager: Display: Found up-to-date module file ../../../Engine/Plugins/Media/WmfMedia/Binaries/Win64/UE4Editor-WmfMediaEditor.dll (API version 3709383).
LogModuleManager: Display: Found up-to-date module file ../../../Engine/Plugins/Media/WmfMedia/Binaries/Win64/UE4Editor-WmfMediaFactory.dll (API version 3709383).
LogModuleManager: Display: Found up-to-date module file ../../../Engine/Plugins/Media/WmfMedia/Binaries/Win64/UE4Editor-WmfMediaFactory.dll (API version 3709383).
LogModuleManager: Display: Found up-to-date module file ../../../Engine/Plugins/Messaging/TcpMessaging/Binaries/Win64/UE4Editor-TcpMessaging.dll (API version 3709383).
LogModuleManager: Display: Found up-to-date module file ../../../Engine/Plugins/Messaging/UdpMessaging/Binaries/Win64/UE4Editor-UdpMessaging.dll (API version 3709383).
LogModuleManager: Display: Found up-to-date module file ../../../Engine/Plugins/MovieScene/ActorSequence/Binaries/Win64/UE4Editor-ActorSequence.dll (API version 3709383).
LogModuleManager: Display: Found up-to-date module file ../../../Engine/Plugins/MovieScene/LevelSequenceEditor/Binaries/Win64/UE4Editor-LevelSequenceEditor.dll (API version 3709383).
LogModuleManager: Display: Found up-to-date module file ../../../Engine/Plugins/MovieScene/MatineeToLevelSequence/Binaries/Win64/UE4Editor-MatineeToLevelSequence.dll (API version 3709383).
LogModuleManager: Display: Found up-to-date module file ../../../Engine/Plugins/Online/OnlineSubsystem/Binaries/Win64/UE4Editor-OnlineSubsystem.dll (API version 3709383).
LogModuleManager: Display: Found up-to-date module file ../../../Engine/Plugins/Runtime/AndroidPermission/Binaries/Win64/UE4Editor-AndroidPermission.dll (API version 3709383).
LogModuleManager: Display: Found up-to-date module file ../../../Engine/Plugins/Online/OnlineSubsystemNull/Binaries/Win64/UE4Editor-OnlineSubsystemNull.dll (API version 3709383).
LogModuleManager: Display: Found up-to-date module file ../../../Engine/Plugins/Online/OnlineSubsystemUtils/Binaries/Win64/UE4Editor-OnlineSubsystemUtils.dll (API version 3709383).
LogModuleManager: Display: Found up-to-date module file ../../../Engine/Plugins/Online/OnlineSubsystemUtils/Binaries/Win64/UE4Editor-OnlineBlueprintSupport.dll (API version 3709383).
LogModuleManager: Display: Found up-to-date module file ../../../Engine/Plugins/Runtime/AndroidDeviceProfileSelector/Binaries/Win64/UE4Editor-AndroidDeviceProfileSelector.dll (API version 3709383).
LogModuleManager: Display: Found up-to-date module file ../../../Engine/Plugins/Runtime/AppleARKit/Binaries/Win64/UE4Editor-AppleARKit.dll (API version 3709383).
LogModuleManager: Display: Found up-to-date module file ../../../Engine/Plugins/Runtime/ArchVisCharacter/Binaries/Win64/UE4Editor-ArchVisCharacter.dll (API version 3709383).
LogModuleManager: Display: Found up-to-date module file ../../../Engine/Plugins/Runtime/CableComponent/Binaries/Win64/UE4Editor-CableComponent.dll (API version 3709383).
LogModuleManager: Display: Found up-to-date module file ../../../Engine/Plugins/Runtime/CustomMeshComponent/Binaries/Win64/UE4Editor-CustomMeshComponent.dll (API version 3709383).
LogModuleManager: Display: Found up-to-date module file ../../../Engine/Plugins/Runtime/ExampleDeviceProfileSelector/Binaries/Win64/UE4Editor-ExampleDeviceProfileSelector.dll (API version 3709383).
LogModuleManager: Display: Found up-to-date module file ../../../Engine/Plugins/Runtime/ImmediatePhysics/Binaries/Win64/UE4Editor-ImmediatePhysics.dll (API version 3709383).
LogModuleManager: Display: Found up-to-date module file ../../../Engine/Plugins/Runtime/ImmediatePhysics/Binaries/Win64/UE4Editor-ImmediatePhysicsEditor.dll (API version 3709383).
LogModuleManager: Display: Found up-to-date module file ../../../Engine/Plugins/Runtime/LocationServicesBPLibrary/Binaries/Win64/UE4Editor-LocationServicesBPLibrary.dll (API version 3709383).
LogModuleManager: Display: Found up-to-date module file ../../../Engine/Plugins/Runtime/MobilePatchingUtils/Binaries/Win64/UE4Editor-MobilePatchingUtils.dll (API version 3709383).
LogModuleManager: Display: Found up-to-date module file ../../../Engine/Plugins/Runtime/Oculus/OculusVR/Binaries/Win64/UE4Editor-OculusHMD.dll (API version 3709383).
LogModuleManager: Display: Found up-to-date module file ../../../Engine/Plugins/Runtime/Oculus/OculusVR/Binaries/Win64/UE4Editor-OculusInput.dll (API version 3709383).
LogModuleManager: Display: Found up-to-date module file ../../../Engine/Plugins/Runtime/Oculus/OculusVR/Binaries/Win64/UE4Editor-OculusEditor.dll (API version 3709383).
LogModuleManager: Display: Found up-to-date module file ../../../Engine/Plugins/Runtime/PhysXVehicles/Binaries/Win64/UE4Editor-PhysXVehicles.dll (API version 3709383).
LogModuleManager: Display: Found up-to-date module file ../../../Engine/Plugins/Runtime/PhysXVehicles/Binaries/Win64/UE4Editor-PhysXVehiclesEditor.dll (API version 3709383).
LogModuleManager: Display: Found up-to-date module file ../../../Engine/Plugins/Runtime/ProceduralMeshComponent/Binaries/Win64/UE4Editor-ProceduralMeshComponent.dll (API version 3709383).
LogModuleManager: Display: Found up-to-date module file ../../../Engine/Plugins/Runtime/ProceduralMeshComponent/Binaries/Win64/UE4Editor-ProceduralMeshComponentEditor.dll (API version 3709383).
LogModuleManager: Display: Found up-to-date module file ../../../Engine/Plugins/Runtime/RuntimePhysXCooking/Binaries/Win64/UE4Editor-RuntimePhysXCooking.dll (API version 3709383).
LogModuleManager: Display: Found up-to-date module file ../../../Engine/Plugins/Runtime/Steam/SteamVR/Binaries/Win64/UE4Editor-SteamVR.dll (API version 3709383).
LogModuleManager: Display: Found up-to-date module file ../../../Engine/Plugins/Runtime/Steam/SteamVR/Binaries/Win64/UE4Editor-SteamVRController.dll (API version 3709383).
LogModuleManager: Display: Found up-to-date module file ../../../Engine/Plugins/Runtime/WindowsMoviePlayer/Binaries/Win64/UE4Editor-WindowsMoviePlayer.dll (API version 3709383).
LogPluginManager: Mounting plugin Paper2D
LogPluginManager: Mounting plugin LightPropagationVolume
LogPluginManager: Mounting plugin CodeLiteSourceCodeAccess
LogPluginManager: Mounting plugin GitSourceControl
LogPluginManager: Mounting plugin KDevelopSourceCodeAccess
LogPluginManager: Mounting plugin NullSourceCodeAccess
LogPluginManager: Mounting plugin PerforceSourceControl
LogPluginManager: Mounting plugin SubversionSourceControl
LogPluginManager: Mounting plugin UObjectPlugin
LogPluginManager: Mounting plugin VisualStudioCodeSourceCodeAccess
LogPluginManager: Mounting plugin VisualStudioSourceCodeAccess
LogPluginManager: Mounting plugin XCodeSourceCodeAccess
LogPluginManager: Mounting plugin AssetManagerEditor
LogPluginManager: Mounting plugin AudioCapture
LogPluginManager: Mounting plugin FacialAnimation
LogPluginManager: Mounting plugin GameplayTagsEditor
LogPluginManager: Mounting plugin MobileLauncherProfileWizard
LogPluginManager: Mounting plugin PluginBrowser
LogPluginManager: Mounting plugin SpeedTreeImporter
LogPluginManager: Mounting plugin AlembicImporter
LogPluginManager: Mounting plugin CharacterAI
LogPluginManager: Mounting plugin HTML5Networking
LogPluginManager: Mounting plugin Substance
LogPluginManager: Mounting plugin AndroidMedia
LogPluginManager: Mounting plugin AvfMedia
LogPluginManager: Mounting plugin ImgMedia
LogPluginManager: Mounting plugin MediaCompositing
LogPluginManager: Mounting plugin MediaPlayerEditor
LogPluginManager: Mounting plugin WmfMedia
LogPluginManager: Mounting plugin TcpMessaging
LogPluginManager: Mounting plugin UdpMessaging
LogPluginManager: Mounting plugin ActorSequence
LogPluginManager: Mounting plugin LevelSequenceEditor
LogPluginManager: Mounting plugin MatineeToLevelSequence
LogPluginManager: Mounting plugin OnlineSubsystemGooglePlay
LogPluginManager: Mounting plugin OnlineSubsystemIOS
LogPluginManager: Mounting plugin OnlineSubsystem
LogPluginManager: Mounting plugin OnlineSubsystemNull
LogPluginManager: Mounting plugin OnlineSubsystemUtils
LogPluginManager: Mounting plugin AndroidDeviceProfileSelector
LogPluginManager: Mounting plugin AndroidMoviePlayer
LogPluginManager: Mounting plugin AndroidPermission
LogPluginManager: Mounting plugin AppleARKit
LogPluginManager: Mounting plugin AppleMoviePlayer
LogPluginManager: Mounting plugin ArchVisCharacter
LogPluginManager: Mounting plugin CableComponent
LogPluginManager: Mounting plugin CustomMeshComponent
LogPluginManager: Mounting plugin ExampleDeviceProfileSelector
LogPluginManager: Mounting plugin GoogleCloudMessaging
LogPluginManager: Mounting plugin ImmediatePhysics
LogPluginManager: Mounting plugin IOSDeviceProfileSelector
LogPluginManager: Mounting plugin LinuxDeviceProfileSelector
LogPluginManager: Mounting plugin LocationServicesBPLibrary
LogPluginManager: Mounting plugin MobilePatchingUtils
LogPluginManager: Mounting plugin OculusVR
LogPluginManager: Plugin shader directory ../../../Engine/Plugins/Runtime/Oculus/OculusVR/Shaders found
LogPluginManager: Mapping shader source directory ../../../Engine/Plugins/Runtime/Oculus/OculusVR/Shaders to virtual directory /Plugin/OculusVR
LogPluginManager: Mounting plugin PhysXVehicles
LogPluginManager: Mounting plugin ProceduralMeshComponent
LogPluginManager: Mounting plugin RuntimePhysXCooking
LogPluginManager: Mounting plugin SteamVR
LogPluginManager: Mounting plugin WindowsMoviePlayer
LogInit: Using libcurl 7.47.1
LogInit:  - built for x86_64-pc-win32
LogInit:  - supports SSL with OpenSSL/1.0.2g
LogInit:  - supports HTTP deflate (compression) using libz 1.2.8
LogInit:  - other features:
LogInit:      CURL_VERSION_SSL
LogInit:      CURL_VERSION_LIBZ
LogInit:      CURL_VERSION_IPV6
LogInit:      CURL_VERSION_ASYNCHDNS
LogInit:      CURL_VERSION_LARGEFILE
LogInit:      CURL_VERSION_IDN
LogInit:  CurlRequestOptions (configurable via config and command line):
LogInit:  - bVerifyPeer = false  - Libcurl will NOT verify peer certificate
LogInit:  - bUseHttpProxy = false  - Libcurl will NOT use HTTP proxy
LogInit:  - bDontReuseConnections = false  - Libcurl will reuse connections
LogInit:  - CertBundlePath = nullptr  - Libcurl will use whatever was configured at build time.
LogInit: Build: ++UE4+Release-4.18-CL-3709383
LogInit: Engine Version: 4.18.0-3709383+++UE4+Release-4.18
LogInit: Compatible Engine Version: 4.18.0-3709383+++UE4+Release-4.18
LogInit: Net CL: 3709383
LogDevObjectVersion: Number of dev versions registered: 16
LogDevObjectVersion:   Dev-Blueprints (B0D832E4-1F89-4F0D-ACCF-7EB736FD4AA2): 10
LogDevObjectVersion:   Dev-Build (E1C64328-A22C-4D53-A36C-8E866417BD8C): 0
LogDevObjectVersion:   Dev-Core (375EC13C-06E4-48FB-B500-84F0262A717E): 2
LogDevObjectVersion:   Dev-Editor (E4B068ED-F494-42E9-A231-DA0B2E46BB41): 20
LogDevObjectVersion:   Dev-Framework (CFFC743F-43B0-4480-9391-14DF171D2073): 30
LogDevObjectVersion:   Dev-Mobile (B02B49B5-BB20-44E9-A304-32B752E40360): 0
LogDevObjectVersion:   Dev-Networking (A4E4105C-59A1-49B5-A7C5-40C4547EDFEE): 0
LogDevObjectVersion:   Dev-Online (39C831C9-5AE6-47DC-9A44-9C173E1C8E7C): 0
LogDevObjectVersion:   Dev-Physics (78F01B33-EBEA-4F98-B9B4-84EACCB95AA2): 0
LogDevObjectVersion:   Dev-Platform (6631380F-2D4D-43E0-8009-CF276956A95A): 0
LogDevObjectVersion:   Dev-Rendering (12F88B9F-8875-4AFC-A67C-D90C383ABD29): 20
LogDevObjectVersion:   Dev-Sequencer (7B5AE74C-D270-4C10-A958-57980B212A5A): 4
LogDevObjectVersion:   Dev-VR (D7296918-1DD6-4BDD-9DE2-64A83CC13884): 0
LogDevObjectVersion:   Dev-LoadTimes (C2A15278-BFE7-4AFE-6C17-90FF531DF755): 1
LogDevObjectVersion:   Private-Geometry (6EACA3D4-40EC-4CC1-B786-8BED09428FC5): 1
LogDevObjectVersion:   Dev-AnimPhys (29E575DD-E0A3-4627-9D10-D276232CDCEA): 12
LogInit: Compiled (64-bit): Oct 20 2017 10:39:19
LogInit: Compiled with Visual C++: 19.00.24215.01
LogInit: Build Configuration: Development
LogInit: Branch Name: ++UE4+Release-4.18
LogInit: Command line:  
LogInit: Base directory: C:/Program Files/Epic Games/UE_4.18/Engine/Binaries/Win64/
LogInit: Installed Engine Build: 1
LogInit: Presizing for max 8388607 objects, including 0 objects not considered by GC, pre-allocating 0 bytes for permanent pool.
LogInit: Object subsystem initialized
[2017.12.01-22.04.09:847][  0]LogInit: Selected Device Profile: [Windows]
[2017.12.01-22.04.09:847][  0]LogInit: Applying CVar settings loaded from the selected device profile: [Windows]
[2017.12.01-22.04.09:868][  0]LogInit: Computer: MSI
[2017.12.01-22.04.09:868][  0]LogInit: User: Saaamoth
[2017.12.01-22.04.09:868][  0]LogInit: CPU Page size=4096, Cores=4
[2017.12.01-22.04.09:868][  0]LogInit: High frequency timer resolution =2.531248 MHz
[2017.12.01-22.04.09:869][  0]LogMemory: Memory total: Physical=15.9GB (16GB approx)
[2017.12.01-22.04.09:869][  0]LogMemory: Platform Memory Stats for Windows
[2017.12.01-22.04.09:869][  0]LogMemory: Process Physical Memory: 272.78 MB used, 272.78 MB peak
[2017.12.01-22.04.09:869][  0]LogMemory: Process Virtual Memory: 271.90 MB used, 271.90 MB peak
[2017.12.01-22.04.09:869][  0]LogMemory: Physical Memory: 6093.12 MB used,  10176.07 MB free, 16269.19 MB total
[2017.12.01-22.04.09:869][  0]LogMemory: Virtual Memory: 665.39 MB used,  10176.07 MB free, 134217728.00 MB total
[2017.12.01-22.04.11:647][  0]LogInit: Using OS detected language (fr-FR).
[2017.12.01-22.04.11:647][  0]LogInit: Using OS detected locale (fr-FR).
[2017.12.01-22.04.11:656][  0]LogTextLocalizationManager: No localization for 'fr-FR' exists, so 'en' will be used for the language.
[2017.12.01-22.04.11:657][  0]LogTextLocalizationManager: No localization for 'fr-FR' exists, so 'en' will be used for the locale.
[2017.12.01-22.04.12:674][  0]LogInit: Setting process to per monitor DPI aware
[2017.12.01-22.04.13:505][  0]LogD3D11RHI: D3D11 adapters:
[2017.12.01-22.04.13:638][  0]LogD3D11RHI:    0. 'NVIDIA GeForce GTX 1060' (Feature Level 11_0)
[2017.12.01-22.04.13:638][  0]LogD3D11RHI:       6061/0/8134 MB DedicatedVideo/DedicatedSystem/SharedSystem, Outputs:1, VendorId:0x10de
[2017.12.01-22.04.13:654][  0]LogD3D11RHI:    1. 'Intel(R) HD Graphics 530' (Feature Level 11_0)
[2017.12.01-22.04.13:654][  0]LogD3D11RHI:       128/0/8134 MB DedicatedVideo/DedicatedSystem/SharedSystem, Outputs:0, VendorId:0x8086
[2017.12.01-22.04.13:659][  0]LogD3D11RHI:    2. 'Microsoft Basic Render Driver' (Feature Level 11_0)
[2017.12.01-22.04.13:659][  0]LogD3D11RHI:       0/0/8134 MB DedicatedVideo/DedicatedSystem/SharedSystem, Outputs:0, VendorId:0x1414
[2017.12.01-22.04.13:659][  0]LogD3D11RHI: Chosen D3D11 Adapter: 0
[2017.12.01-22.04.13:673][  0]LogD3D11RHI: Creating new Direct3DDevice
[2017.12.01-22.04.13:673][  0]LogD3D11RHI:     GPU DeviceId: 0x1c20 (for the marketing name, search the web for "GPU Device Id")
[2017.12.01-22.04.13:673][  0]LogWindows: EnumDisplayDevices:
[2017.12.01-22.04.13:674][  0]LogWindows:    0. 'Intel(R) HD Graphics 530' (P:1 D:1)
[2017.12.01-22.04.13:674][  0]LogWindows:    1. 'Intel(R) HD Graphics 530' (P:0 D:0)
[2017.12.01-22.04.13:675][  0]LogWindows:    2. 'Intel(R) HD Graphics 530' (P:0 D:0)
[2017.12.01-22.04.13:675][  0]LogWindows:    3. 'NVIDIA GeForce GTX 1060' (P:0 D:0)
[2017.12.01-22.04.13:675][  0]LogWindows:    4. 'NVIDIA GeForce GTX 1060' (P:0 D:0)
[2017.12.01-22.04.13:676][  0]LogWindows:    5. 'NVIDIA GeForce GTX 1060' (P:0 D:0)
[2017.12.01-22.04.13:676][  0]LogWindows:    6. 'NVIDIA GeForce GTX 1060' (P:0 D:0)
[2017.12.01-22.04.13:676][  0]LogWindows: DebugString: GetVideoDriverDetailsInvalid PrimaryIsNotTheChoosenAdapter GetVideoDriverDetailsInvalid PrimaryIsNotTheChoosenAdapter GetVideoDriverDetailsInvalid PrimaryIsNotTheChoosenAdapter GetVideoDriverDetailsInvalid PrimaryIsNotTheChoosenAdapter GetVideoDriverDetailsInvalid PrimaryIsNotTheChoosenAdapter GetVideoDriverDetailsInvalid PrimaryIsNotTheChoosenAdapter GetVideoDriverDetailsInvalid PrimaryIsNotTheChoosenAdapter FoundDriverCount:0 
[2017.12.01-22.04.13:676][  0]LogD3D11RHI:     Adapter Name: NVIDIA GeForce GTX 1060
[2017.12.01-22.04.13:676][  0]LogD3D11RHI:   Driver Version: Unknown (internal:Unknown, unified:Unknown)
[2017.12.01-22.04.13:676][  0]LogD3D11RHI:      Driver Date: Unknown
[2017.12.01-22.04.13:676][  0]LogRHI: Texture pool is 4242 MB (70% of 6061 MB)
[2017.12.01-22.04.13:746][  0]LogD3D11RHI: Async texture creation enabled
[2017.12.01-22.04.13:791][  0]LogD3D11RHI: GPU Timing Frequency: 1000.000000 (Debug: 2 1)
[2017.12.01-22.04.13:793][  0]LogShaderCompilers: Guid format shader working directory is 0 characters bigger than the processId version (D:/GameDev/UE4/UE4Proj/MYTHO/GreekMytholoJam2017/Intermediate/Shaders/WorkingDirectory/21756/).
[2017.12.01-22.04.13:794][  0]LogShaderCompilers: Cleaned the shader compiler working directory 'C:/Users/Saaamoth/AppData/Local/Temp/UnrealShaderWorkingDir/F04FDF44487C36D568AD9AAC013EC5CA/'.
[2017.12.01-22.04.13:794][  0]LogShaderCompilers: Display: Using Local Shader Compiler.
[2017.12.01-22.04.16:437][  0]LogTemp: Display: Loaded TP AllDesktopTargetPlatform
[2017.12.01-22.04.16:623][  0]LogTemp: Display: Loaded TP MacClientTargetPlatform
[2017.12.01-22.04.16:786][  0]LogTemp: Display: Loaded TP MacNoEditorTargetPlatform
[2017.12.01-22.04.16:950][  0]LogTemp: Display: Loaded TP MacServerTargetPlatform
[2017.12.01-22.04.17:128][  0]LogTemp: Display: Loaded TP MacTargetPlatform
[2017.12.01-22.04.17:294][  0]LogTemp: Display: Loaded TP WindowsClientTargetPlatform
[2017.12.01-22.04.17:462][  0]LogTemp: Display: Loaded TP WindowsNoEditorTargetPlatform
[2017.12.01-22.04.17:635][  0]LogTemp: Display: Loaded TP WindowsServerTargetPlatform
[2017.12.01-22.04.17:779][  0]LogTemp: Display: Loaded TP WindowsTargetPlatform
[2017.12.01-22.04.17:933][  0]LogTemp: Display: Loaded TP Android_ASTCTargetPlatform
[2017.12.01-22.04.18:102][  0]LogTemp: Display: Loaded TP Android_ATCTargetPlatform
[2017.12.01-22.04.18:256][  0]LogTemp: Display: Loaded TP Android_DXTTargetPlatform
[2017.12.01-22.04.18:423][  0]LogTemp: Display: Loaded TP Android_ETC1TargetPlatform
[2017.12.01-22.04.18:590][  0]LogTemp: Display: Loaded TP Android_ETC2TargetPlatform
[2017.12.01-22.04.18:929][  0]LogTemp: Display: Loaded TP Android_MultiTargetPlatform
[2017.12.01-22.04.18:929][  0]LogTemp: Display: Loaded TP Android_PVRTCTargetPlatform
[2017.12.01-22.04.19:111][  0]LogTemp: Display: Loaded TP AndroidTargetPlatform
[2017.12.01-22.04.19:246][  0]LogTemp: Display: Loaded TP HTML5TargetPlatform
[2017.12.01-22.04.19:491][  0]LogTemp: Display: Loaded TP IOSTargetPlatform
[2017.12.01-22.04.19:569][  0]LogTemp: Display: Loaded TP TVOSTargetPlatform
[2017.12.01-22.04.19:731][  0]LogTemp: Display: Loaded TP LinuxClientTargetPlatform
[2017.12.01-22.04.19:885][  0]LogTemp: Display: Loaded TP LinuxNoEditorTargetPlatform
[2017.12.01-22.04.20:043][  0]LogTemp: Display: Loaded TP LinuxServerTargetPlatform
[2017.12.01-22.04.20:209][  0]LogTemp: Display: Loaded TP LinuxTargetPlatform
[2017.12.01-22.04.20:209][  0]LogTargetPlatformManager: Display: Building Assets For Windows
[2017.12.01-22.04.21:708][  0]LogDerivedDataCache: Display: Max Cache Size: 512 MB
[2017.12.01-22.04.21:844][  0]LogDerivedDataCache: Loaded boot cache 0.14s 78MB C:/Users/Saaamoth/AppData/Local/UnrealEngine/4.18/DerivedDataCache/Boot.ddc.
[2017.12.01-22.04.21:844][  0]LogDerivedDataCache: Display: Loaded Boot cache: C:/Users/Saaamoth/AppData/Local/UnrealEngine/4.18/DerivedDataCache/Boot.ddc
[2017.12.01-22.04.21:844][  0]LogDerivedDataCache: FDerivedDataBackendGraph:  Pak pak cache file D:/GameDev/UE4/UE4Proj/MYTHO/GreekMytholoJam2017/DerivedDataCache/DDC.ddp not found, will not use a pak cache.
[2017.12.01-22.04.21:844][  0]LogDerivedDataCache: Unable to find inner node Pak for hierarchical cache Hierarchy.
[2017.12.01-22.04.21:844][  0]LogDerivedDataCache: FDerivedDataBackendGraph:  CompressedPak pak cache file D:/GameDev/UE4/UE4Proj/MYTHO/GreekMytholoJam2017/DerivedDataCache/Compressed.ddp not found, will not use a pak cache.
[2017.12.01-22.04.21:844][  0]LogDerivedDataCache: Unable to find inner node CompressedPak for hierarchical cache Hierarchy.
[2017.12.01-22.04.21:887][  0]LogDerivedDataCache: Display: Pak cache opened for reading ../../../Engine/DerivedDataCache/Compressed.ddp.
[2017.12.01-22.04.21:902][  0]LogDerivedDataCache: Using Local data cache path C:/Users/Saaamoth/AppData/Local/UnrealEngine/Common/DerivedDataCache: Writable
[2017.12.01-22.04.21:926][  0]LogMaterial: Verifying Global Shaders for PCD3D_SM5
[2017.12.01-22.04.21:926][  0]LogSlate: Using Freetype 2.6.0
[2017.12.01-22.04.21:928][  0]LogSlate: SlateFontCache - WITH_FREETYPE: 1, WITH_HARFBUZZ: 1
[2017.12.01-22.04.21:928][  0]LogSlate: SlateFontCache - WITH_FREETYPE: 1, WITH_HARFBUZZ: 1
[2017.12.01-22.04.22:995][  0]LogInit: Selected Device Profile: [Windows]
[2017.12.01-22.04.24:049][  0]LogSimplygon: Simplygon DLL not present - disabling.
[2017.12.01-22.04.24:188][  0]LogMeshReduction: Using SimplygonSwarm for distributed automatic mesh merging
[2017.12.01-22.04.24:188][  0]LogMeshReduction: Using QuadricMeshReduction for automatic static mesh reduction
[2017.12.01-22.04.24:188][  0]LogMeshReduction: No automatic skeletal mesh reduction module available
[2017.12.01-22.04.24:188][  0]LogMeshReduction: No automatic mesh merging module available
[2017.12.01-22.04.24:188][  0]LogMeshMerging: No automatic mesh merging module available
[2017.12.01-22.04.24:285][  0]LogNetVersion: GreekMytholoJam2017 , NetCL: 3709383, EngineNetVer: 2, GameNetVer: 0 (Checksum: 3373565586)
[2017.12.01-22.04.24:749][  0]LogAssetRegistry: FAssetRegistry took 0.0338 seconds to start up
[2017.12.01-22.04.26:197][  0]LogPackageLocalizationCache: Processed 7 localized package path(s) for 1 prioritized culture(s) in 0.067004 seconds
[2017.12.01-22.04.26:208][  0]LogUObjectArray: 35900 objects as part of root set at end of initial load.
[2017.12.01-22.04.26:209][  0]LogUObjectAllocator: 7372024 out of 0 bytes used by permanent object pool.
[2017.12.01-22.04.26:209][  0]LogUObjectArray: CloseDisregardForGC: 0/0 objects in disregard for GC pool
[2017.12.01-22.04.26:392][  0]LogInit: WinSock: version 1.1 (2.2), MaxSocks=32767, MaxUdp=65467
[2017.12.01-22.04.35:536][  0]LogSubstanceCoreModule: Substance [CPU] Engine Loaded, Max Texture Size = 2048
[2017.12.01-22.04.35:648][  0]LogTcpMessaging: Initializing TcpMessaging bridge
[2017.12.01-22.04.35:764][  0]LogUdpMessaging: Initializing bridge on interface 0.0.0.0:0 to multicast group 230.0.0.1:6666.
[2017.12.01-22.04.38:086][  0]LogMaterial: Uniform references updated for custom material expression Custom.
[2017.12.01-22.04.39:557][  0]SourceControl: Source control is disabled
[2017.12.01-22.04.39:558][  0]SourceControl: Source control is disabled
[2017.12.01-22.04.39:747][  0]SourceControl: Source control is disabled
[2017.12.01-22.04.39:942][  0]SourceControl: Source control is disabled
[2017.12.01-22.04.42:963][  0]LogAndroidPermission: UAndroidPermissionCallbackProxy::GetInstance
[2017.12.01-22.04.43:938][  0]LogOcInput: OculusInput pre-init called
[2017.12.01-22.04.45:521][  0]LogEngine: Initializing Engine...
[2017.12.01-22.04.45:527][  0]LogHMD: Failed to initialize OpenVR with code 110
[2017.12.01-22.04.46:062][  0]LogStats: UGameplayTagsManager::ConstructGameplayTagTree: Construct from data asset -  0.000 s
[2017.12.01-22.04.46:062][  0]LogStats: UGameplayTagsManager::ConstructGameplayTagTree: GameplayTagTreeChangedEvent.Broadcast -  0.000 s
[2017.12.01-22.04.46:501][  0]LogAIModule: Creating AISystem for world Untitled
[2017.12.01-22.04.46:565][  0]LogInit: XAudio2 using 'Haut-parleurs (Realtek High Definition Audio)' : 6 channels at 48 kHz using 32 bits per sample (channel mask 0x3f)
[2017.12.01-22.04.46:973][  0]LogInit: FAudioDevice initialized.
[2017.12.01-22.04.47:072][  0]LogDerivedDataCache: Saved boot cache 0.10s 78MB C:/Users/Saaamoth/AppData/Local/UnrealEngine/4.18/DerivedDataCache/Boot.ddc.
[2017.12.01-22.04.47:092][  0]LogInit: Texture streaming: Enabled
[2017.12.01-22.04.47:403][  0]LogEngineSessionManager: EngineSessionManager initialized
[2017.12.01-22.04.47:838][  0]LogInit: Transaction tracking system initialized
[2017.12.01-22.04.48:927][  0]BlueprintLog: New page: Editor Load
[2017.12.01-22.04.51:931][  0]LocalizationService: Localization service is disabled
[2017.12.01-22.04.54:420][  0]LogConsoleResponse: Display: 
[2017.12.01-22.04.54:938][  0]LogCook: Display: Max memory allowance for cook 16384mb min free memory 0mb
[2017.12.01-22.04.54:938][  0]LogCook: Display: Mobile HDR setting 1
[2017.12.01-22.04.54:938][  0]LogGameplayTags: Display: UGameplayTagsManager::DoneAddingNativeTags. DelegateIsBound: 0
[2017.12.01-22.04.56:092][  0]LogFileCache: Scanning file cache for directory 'D:/GameDev/UE4/UE4Proj/MYTHO/GreekMytholoJam2017/Content/' took 0.02s
[2017.12.01-22.04.59:083][  0]SourceControl: Source control is disabled
[2017.12.01-22.04.59:083][  0]Cmd: MAP LOAD FILE="D:/GameDev/UE4/UE4Proj/MYTHO/GreekMytholoJam2017/Content/Maps/MainTest.umap" TEMPLATE=0 SHOWPROGRESS=1 FEATURELEVEL=3
[2017.12.01-22.04.59:084][  0]LightingResults: New page: Lighting Build
[2017.12.01-22.04.59:220][  0]MapCheck: New page: Map Check
[2017.12.01-22.04.59:220][  0]LightingResults: New page: Lighting Build
[2017.12.01-22.05.00:396][  0]LogAIModule: Creating AISystem for world MainTest
[2017.12.01-22.05.00:421][  0]LogEditorServer: Finished looking for orphan Actors (0.000 secs)
[2017.12.01-22.05.00:450][  0]Cmd: MAP CHECKDEP NOCLEARLOG
[2017.12.01-22.05.00:664][  0]MapCheck: Map check complete: 0 Error(s), 0 Warning(s), took 214.38ms to complete.
[2017.12.01-22.05.00:664][  0]LogFileHelpers: Loading map 'MainTest' took 1.581
[2017.12.01-22.05.00:785][  0]LogWindowsTextInputMethodSystem: Display: IME system now deactivated.
[2017.12.01-22.05.00:785][  0]LogWindowsTextInputMethodSystem: Display: IME system now deactivated.
[2017.12.01-22.05.01:032][  0]LogCollectionManager: Loaded 0 collections in 0.007725 seconds
[2017.12.01-22.05.01:237][  0]LogFileCache: Scanning file cache for directory 'D:/GameDev/UE4/UE4Proj/MYTHO/GreekMytholoJam2017/Saved/Collections/' took 0.01s
[2017.12.01-22.05.01:237][  0]LogFileCache: Scanning file cache for directory 'D:/GameDev/UE4/UE4Proj/MYTHO/GreekMytholoJam2017/Content/Developers/Saaamoth/Collections/' took 0.01s
[2017.12.01-22.05.01:237][  0]LogFileCache: Scanning file cache for directory 'D:/GameDev/UE4/UE4Proj/MYTHO/GreekMytholoJam2017/Content/Collections/' took 0.01s
[2017.12.01-22.05.01:238][  0]LogCollectionManager: Rebuilt the GUID cache for 0 collections in 0.000000 seconds
[2017.12.01-22.05.01:257][  0]LogContentBrowser: Native class hierarchy populated in 0.0196 seconds. Added 2377 classes and 525 folders.
[2017.12.01-22.05.01:482][  0]LogContentBrowser: Native class hierarchy updated for 'WidgetCarousel' in 0.0005 seconds. Added 0 classes and 0 folders.
[2017.12.01-22.05.01:623][  0]LogContentBrowser: Native class hierarchy updated for 'AddContentDialog' in 0.0005 seconds. Added 0 classes and 0 folders.
[2017.12.01-22.05.01:772][  0]LogContentBrowser: Native class hierarchy updated for 'SceneOutliner' in 0.0005 seconds. Added 1 classes and 2 folders.
[2017.12.01-22.05.01:817][  0]LogSlate: Took 0.000459 seconds to synchronously load lazily loaded font '../../../Engine/Content/Slate/Fonts/Roboto-Regular.ttf' (155K)
[2017.12.01-22.05.01:824][  0]LogSlate: Took 0.000680 seconds to synchronously load lazily loaded font '../../../Engine/Content/Slate/Fonts/Roboto-Bold.ttf' (160K)
[2017.12.01-22.05.01:839][  0]LogSlate: Took 0.000648 seconds to synchronously load lazily loaded font '../../../Engine/Content/Editor/Slate/Fonts/FontAwesome.ttf' (139K)
[2017.12.01-22.05.02:134][  0]LogRenderer: Reallocating scene render targets to support 792x276 Format 10 NumSamples 1 (Frame:1).
[2017.12.01-22.05.02:568][  0]LogContentBrowser: Native class hierarchy updated for 'HierarchicalLODOutliner' in 0.0008 seconds. Added 1 classes and 2 folders.
[2017.12.01-22.05.02:571][  0]LogLoad: (Engine Initialization) Total time: 59.68 seconds
[2017.12.01-22.05.02:571][  0]LogLoad: (Engine Initialization) Total Blueprint compile time: 0.00 seconds
[2017.12.01-22.05.02:571][  0]LogExternalProfiler: No external profilers were discovered.  External profiling features will not be available.
[2017.12.01-22.05.02:616][  0]LogContentStreaming: Texture pool size now 1000 MB
[2017.12.01-22.05.02:963][  3]LogAssetRegistry: Asset discovery search completed in 38.2367 seconds
[2017.12.01-22.05.02:968][  3]LogCollectionManager: Rebuilt the object cache for 0 collections in 0.000000 seconds (found 0 objects)
[2017.12.01-22.05.02:968][  3]LogCollectionManager: Fixed up redirectors for 0 collections in 0.000125 seconds (updated 0 objects)
[2017.12.01-22.05.06:737][196]LogSlate: Took 0.000670 seconds to synchronously load lazily loaded font '../../../Engine/Content/Slate/Fonts/Roboto-Light.ttf' (159K)
[2017.12.01-22.05.16:726][445]LogSlate: Took 0.000378 seconds to synchronously load lazily loaded font '../../../Engine/Content/Slate/Fonts/Roboto-Light.ttf' (159K)
[2017.12.01-22.05.17:071][445]LogLinker: Warning: Can't find file '/Game/Maps/Levels/Tutorial01_BuiltData'
[2017.12.01-22.05.17:071][445]LogLinker: Warning: Can't find file for asset '/Game/Maps/Levels/Tutorial01_BuiltData' while loading D:/GameDev/UE4/UE4Proj/MYTHO/GreekMytholoJam2017/Content/Maps/Tutorial01.umap.
[2017.12.01-22.05.17:071][445]LoadErrors: Error: /Game/Maps/Tutorial01 : Can't find file for asset. /Game/Maps/Levels/Tutorial01_BuiltData
[2017.12.01-22.05.17:435][445]LogLinker: Warning: Can't find file '/Game/Materials/Architecture/Ground/MI_Ground_Room2'
[2017.12.01-22.05.17:435][445]LogLinker: Warning: Can't find file for asset '/Game/Materials/Architecture/Ground/MI_Ground_Room2' while loading D:/GameDev/UE4/UE4Proj/MYTHO/GreekMytholoJam2017/Content/Maps/Tutorial01.umap.
[2017.12.01-22.05.17:435][445]LoadErrors: Error: /Game/Maps/Tutorial01 : Can't find file for asset. /Game/Materials/Architecture/Ground/MI_Ground_Room2
[2017.12.01-22.05.17:561][445]LogSlate: Took 0.000585 seconds to synchronously load lazily loaded font '../../../Engine/Content/Slate/Fonts/Roboto-Regular.ttf' (155K)
[2017.12.01-22.05.17:594][445]LogLinker: Warning: Can't find file '/Game/Maps/Levels/Tutorial01_BuiltData'
[2017.12.01-22.05.17:594][445]LogLinker: Warning: Can't find file for asset '/Game/Maps/Levels/Tutorial01_BuiltData' while loading D:/GameDev/UE4/UE4Proj/MYTHO/GreekMytholoJam2017/Content/Maps/Tutorial01.umap.
[2017.12.01-22.05.17:597][445]LogLinker: Warning: Can't find file '/Game/Materials/Architecture/Ground/MI_Ground_Room2'
[2017.12.01-22.05.17:597][445]LogLinker: Warning: Can't find file for asset '/Game/Materials/Architecture/Ground/MI_Ground_Room2' while loading D:/GameDev/UE4/UE4Proj/MYTHO/GreekMytholoJam2017/Content/Maps/Tutorial01.umap.
[2017.12.01-22.05.17:627][445]LogLinker: Warning: Can't find file '/Game/Maps/Levels/Tutorial01_BuiltData'
[2017.12.01-22.05.17:627][445]LogLinker: Warning: Can't find file for asset '/Game/Maps/Levels/Tutorial01_BuiltData' while loading NULL.
[2017.12.01-22.05.17:627][445]LogLinker: Warning: Can't find file '/Game/Materials/Architecture/Ground/MI_Ground_Room2'
[2017.12.01-22.05.17:627][445]LogLinker: Warning: Can't find file for asset '/Game/Materials/Architecture/Ground/MI_Ground_Room2' while loading NULL.
[2017.12.01-22.05.17:628][445]LogLinker: Warning: Can't find file '/Game/Maps/Levels/Tutorial01_BuiltData'
[2017.12.01-22.05.17:628][445]LogLinker: Warning: Can't find file for asset '/Game/Maps/Levels/Tutorial01_BuiltData' while loading NULL.
[2017.12.01-22.05.17:628][445]LogLinker: Warning: Can't find file '/Game/Materials/Architecture/Ground/MI_Ground_Room2'
[2017.12.01-22.05.17:628][445]LogLinker: Warning: Can't find file for asset '/Game/Materials/Architecture/Ground/MI_Ground_Room2' while loading NULL.
[2017.12.01-22.05.18:024][445]LogLinker: Warning: Can't find file '/Game/Maps/Levels/Tutorial01_BuiltData'
[2017.12.01-22.05.18:025][445]LoadErrors: Failed to load /Game/Maps/Levels/Tutorial01_BuiltData.Tutorial01_BuiltData Referenced by PersistentLevel
[2017.12.01-22.05.18:025][445]LogLinker: Warning: Can't find file for asset '/Game/Maps/Levels/Tutorial01_BuiltData' while loading NULL.
[2017.12.01-22.05.18:113][445]LogLinker: Warning: Can't find file '/Game/Materials/Architecture/Ground/MI_Ground_Room2'
[2017.12.01-22.05.18:114][445]LoadErrors: Failed to load /Game/Materials/Architecture/Ground/MI_Ground_Room2.MI_Ground_Room2 Referenced by Terrain_Test2
[2017.12.01-22.05.18:114][445]LogLinker: Warning: Can't find file for asset '/Game/Materials/Architecture/Ground/MI_Ground_Room2' while loading NULL.
[2017.12.01-22.05.18:115][445]LogLinker: Warning: Can't find file '/Game/Materials/Architecture/Ground/MI_Ground_Room2'
[2017.12.01-22.05.18:115][445]LoadErrors: Failed to load /Game/Materials/Architecture/Ground/MI_Ground_Room2.MI_Ground_Room2 Referenced by Terrain_Test3
[2017.12.01-22.05.18:116][445]LogLinker: Warning: Can't find file for asset '/Game/Materials/Architecture/Ground/MI_Ground_Room2' while loading NULL.
[2017.12.01-22.05.19:059][445]LogAIModule: Creating AISystem for world Tutorial01
[2017.12.01-22.05.19:251][445]Cmd: MAP LOAD FILE="D:/GameDev/UE4/UE4Proj/MYTHO/GreekMytholoJam2017/Content/Maps/Tutorial01.umap" TEMPLATE=0 SHOWPROGRESS=1 FEATURELEVEL=3
[2017.12.01-22.05.19:252][445]LightingResults: New page: Lighting Build
[2017.12.01-22.05.19:254][445]LoadErrors: New page: Loading map: Tutorial01.umap
[2017.12.01-22.05.19:256][445]MapCheck: New page: Map Check
[2017.12.01-22.05.19:256][445]LightingResults: New page: Lighting Build
[2017.12.01-22.05.19:502][445]LogEditorServer: Finished looking for orphan Actors (0.000 secs)
[2017.12.01-22.05.19:599][445]Cmd: MAP CHECKDEP NOCLEARLOG
[2017.12.01-22.05.19:863][445]MapCheck: Map check complete: 0 Error(s), 0 Warning(s), took 263.717ms to complete.
[2017.12.01-22.05.19:866][445]LogFileHelpers: Loading map 'Tutorial01' took 0.616
[2017.12.01-22.05.32:712][829]LogEditorViewport: Clicking on Actor (LMB): StaticMeshActor (Wall_Section_6x55)
[2017.12.01-22.05.35:428][906]LogEditorViewport: Clicking on Actor (LMB): StaticMeshActor (Wall_Section_6x213)
[2017.12.01-22.05.36:577][939]LogEditorViewport: Clicking on Actor (LMB): StaticMeshActor (Wall_Section_6x55)
[2017.12.01-22.05.58:182][581]LogEditorViewport: Clicking on Actor (LMB): StaticMeshActor (Terrain_Test2)
[2017.12.01-22.07.55:238][109]Cmd: EDCALLBACK SURFPROPS
[2017.12.01-22.07.56:281][141]Cmd: EDIT COPY
[2017.12.01-22.07.56:620][151]Cmd: EDIT PASTE
[2017.12.01-22.07.57:766][183]LogEditorViewport: Clicking on Actor (LMB): StaticMeshActor (SM_Wall_Broken154)
[2017.12.01-22.08.09:030][501]LogEditorViewport: Clicking on Actor (LMB): StaticMeshActor (Terrain_Test2)
[2017.12.01-22.08.25:964][906]LogContentBrowser: Native class hierarchy updated for 'MaterialEditor' in 0.0007 seconds. Added 1 classes and 0 folders.
[2017.12.01-22.08.26:850][906]LogRenderer: Reallocating scene render targets to support 792x676 Format 10 NumSamples 1 (Frame:1).
[2017.12.01-22.09.53:405][199]LogEditorViewport: Clicking on Actor (LMB): StaticMeshActor (Wall_Section_6x150)
[2017.12.01-22.10.47:587][577]Cmd: OBJ SAVEPACKAGE PACKAGE="/Game/Maps/Tutorial01" FILE="D:/GameDev/UE4/UE4Proj/MYTHO/GreekMytholoJam2017/Content/Maps/Tutorial01.umap" SILENT=true AUTOSAVING=false KEEPDIRTY=false
[2017.12.01-22.10.51:445][577]LogSavePackage: Save=3808.28ms
[2017.12.01-22.10.51:445][577]LogSavePackage: Moving 'D:/GameDev/UE4/UE4Proj/MYTHO/GreekMytholoJam2017/Saved/Tutorial0172C5E84A4FB5C36CE242EB9BF3DFAC90.tmp' to 'D:/GameDev/UE4/UE4Proj/MYTHO/GreekMytholoJam2017/Content/Maps/Tutorial01.umap'
[2017.12.01-22.10.51:454][577]LogSavePackage: Display: Finished SavePackage D:/GameDev/UE4/UE4Proj/MYTHO/GreekMytholoJam2017/Content/Maps/Tutorial01.umap
[2017.12.01-22.10.56:613][718]LogMaterial: Missing cached shader map for material FDebugViewModeMaterialProxy MI_Tileth, compiling. 
[2017.12.01-22.10.57:781][718]TextureStreamingBuild: Display: Compiling optional shaders took 1.181 seconds.
[2017.12.01-22.11.49:848][ 37]LogContentBrowser: Native class hierarchy updated for 'BlueprintGraph' in 0.0017 seconds. Added 116 classes and 0 folders.
[2017.12.01-22.11.51:672][ 37]LogSlate: Took 0.000567 seconds to synchronously load lazily loaded font '../../../Engine/Content/Editor/Slate/Fonts/Roboto-BoldCondensed.ttf' (158K)
[2017.12.01-22.11.58:265][219]LogRenderer: Reallocating scene render targets to support 912x676 Format 10 NumSamples 1 (Frame:1).
[2017.12.01-22.11.58:424][222]LogSlate: Took 0.000934 seconds to synchronously load lazily loaded font '../../../Engine/Content/Editor/Slate/Fonts/Roboto-Italic.ttf' (157K)
[2017.12.01-22.12.17:661][697]BlueprintLog: New page: Compile BP_Cariatide
[2017.12.01-22.12.20:284][732]Cmd: OBJ SAVEPACKAGE PACKAGE="/Game/Geometry/Props/Cariatide/BP_Cariatide" FILE="D:/GameDev/UE4/UE4Proj/MYTHO/GreekMytholoJam2017/Content/Geometry/Props/Cariatide/BP_Cariatide.uasset" SILENT=true
[2017.12.01-22.12.20:341][732]LogSavePackage: Save=49.95ms
[2017.12.01-22.12.20:342][732]LogSavePackage: Moving 'D:/GameDev/UE4/UE4Proj/MYTHO/GreekMytholoJam2017/Saved/BP_CariatideBD246BCE492F5C830E4B1BB545C13D14.tmp' to 'D:/GameDev/UE4/UE4Proj/MYTHO/GreekMytholoJam2017/Content/Geometry/Props/Cariatide/BP_Cariatide.uasset'
[2017.12.01-22.12.20:347][732]LogSavePackage: Display: Finished SavePackage D:/GameDev/UE4/UE4Proj/MYTHO/GreekMytholoJam2017/Content/Geometry/Props/Cariatide/BP_Cariatide.uasset
[2017.12.01-22.13.09:954][851]BlueprintLog: New page: Compile BP_Stairs
[2017.12.01-22.13.17:507][938]Cmd: OBJ SAVEPACKAGE PACKAGE="/Game/Geometry/Architecture/Stairs/BP_Stairs" FILE="D:/GameDev/UE4/UE4Proj/MYTHO/GreekMytholoJam2017/Content/Geometry/Architecture/Stairs/BP_Stairs.uasset" SILENT=true
[2017.12.01-22.13.17:611][938]LogSavePackage: Save=97.14ms
[2017.12.01-22.13.17:611][938]LogSavePackage: Moving 'D:/GameDev/UE4/UE4Proj/MYTHO/GreekMytholoJam2017/Saved/BP_Stairs0B45C11F4F133605D4797D97D9A9BD6D.tmp' to 'D:/GameDev/UE4/UE4Proj/MYTHO/GreekMytholoJam2017/Content/Geometry/Architecture/Stairs/BP_Stairs.uasset'
[2017.12.01-22.13.17:618][938]LogSavePackage: Display: Finished SavePackage D:/GameDev/UE4/UE4Proj/MYTHO/GreekMytholoJam2017/Content/Geometry/Architecture/Stairs/BP_Stairs.uasset
[2017.12.01-22.14.17:175][ 39]LogEditorTransaction: Undo Modify Component(s)
[2017.12.01-22.14.17:416][ 39]LogSlate: Took 0.000533 seconds to synchronously load lazily loaded font '../../../Engine/Content/Slate/Fonts/Roboto-Light.ttf' (159K)
[2017.12.01-22.14.32:320][395]LogEditorTransaction: Undo Paste Component(s)
[2017.12.01-22.14.36:600][471]LogUObjectHash: Warning: Ambiguous search, could be StaticMeshComponent /Engine/Transient.StaticMesh6_GEN_VARIABLE or StaticMeshComponent /Engine/Transient.StaticMesh6_GEN_VARIABLE
[2017.12.01-22.14.36:633][471]LogUObjectHash: Warning: Ambiguous search, could be StaticMeshComponent /Engine/Transient.StaticMesh5_GEN_VARIABLE or StaticMeshComponent /Engine/Transient.StaticMesh5_GEN_VARIABLE
[2017.12.01-22.14.37:533][498]LogUObjectHash: Warning: Ambiguous search, could be StaticMeshComponent /Engine/Transient.StaticMesh6_GEN_VARIABLE or StaticMeshComponent /Engine/Transient.StaticMesh6_GEN_VARIABLE
[2017.12.01-22.14.37:566][498]LogUObjectHash: Warning: Ambiguous search, could be StaticMeshComponent /Engine/Transient.StaticMesh5_GEN_VARIABLE or StaticMeshComponent /Engine/Transient.StaticMesh5_GEN_VARIABLE
[2017.12.01-22.15.04:419][194]BlueprintLog: New page: Compile BP_Stairs
[2017.12.01-22.15.10:788][247]Cmd: OBJ SAVEPACKAGE PACKAGE="/Game/Geometry/Architecture/Stairs/BP_Stairs" FILE="D:/GameDev/UE4/UE4Proj/MYTHO/GreekMytholoJam2017/Content/Geometry/Architecture/Stairs/BP_Stairs.uasset" SILENT=true
[2017.12.01-22.15.10:925][247]LogSavePackage: Save=132.09ms
[2017.12.01-22.15.10:925][247]LogSavePackage: Moving 'D:/GameDev/UE4/UE4Proj/MYTHO/GreekMytholoJam2017/Saved/BP_StairsB05A16DD48567271BA9373BA6BF1F59A.tmp' to 'D:/GameDev/UE4/UE4Proj/MYTHO/GreekMytholoJam2017/Content/Geometry/Architecture/Stairs/BP_Stairs.uasset'
[2017.12.01-22.15.10:932][247]LogSavePackage: Display: Finished SavePackage D:/GameDev/UE4/UE4Proj/MYTHO/GreekMytholoJam2017/Content/Geometry/Architecture/Stairs/BP_Stairs.uasset
[2017.12.01-22.15.29:815][688]LogEditorFactories: Performing atomic reimport of [C:/Users/Saaamoth/Desktop/SM_Plate_01.fbx]
[2017.12.01-22.15.29:999][688]LogFbx: Loading FBX Scene from C:/Users/Saaamoth/Desktop/SM_Plate_01.fbx
[2017.12.01-22.15.30:018][688]LogFbx: FBX Scene Loaded Succesfully
[2017.12.01-22.15.30:023][688]LogFbx: Warning: Triangulating static mesh Plane.008
[2017.12.01-22.15.30:077][688]LogStaticMesh: Building static mesh SM_Plate_01...
[2017.12.01-22.15.30:129][688]LogStaticMesh: Built static mesh [0.05s] /Game/Geometry/Props/Plates/SM_Plate_01.SM_Plate_01
[2017.12.01-22.15.30:162][688]LogEditorFactories: -- imported successfully
[2017.12.01-22.15.30:170][688]FBXImport: Warning: No smoothing group information was found in this FBX scene.  Please make sure to enable the 'Export Smoothing Groups' option in the FBX Exporter plug-in before exporting the file.  Even for tools that don't support smoothing groups, the FBX Exporter will generate appropriate smoothing data at export-time so that correct vertex normals can be inferred while importing. 
[2017.12.01-22.16.07:824][482]BlueprintLog: New page: Compile BP_Plate_01
[2017.12.01-22.16.10:045][510]Cmd: OBJ SAVEPACKAGE PACKAGE="/Game/Geometry/Props/Plates/BP_Plate_01" FILE="D:/GameDev/UE4/UE4Proj/MYTHO/GreekMytholoJam2017/Content/Geometry/Props/Plates/BP_Plate_01.uasset" SILENT=true
[2017.12.01-22.16.10:097][510]LogSavePackage: Save=44.80ms
[2017.12.01-22.16.10:097][510]LogSavePackage: Moving 'D:/GameDev/UE4/UE4Proj/MYTHO/GreekMytholoJam2017/Saved/BP_Plate_015B0AB64D4743EB501AA4B4B24846C2A6.tmp' to 'D:/GameDev/UE4/UE4Proj/MYTHO/GreekMytholoJam2017/Content/Geometry/Props/Plates/BP_Plate_01.uasset'
[2017.12.01-22.16.10:104][510]LogSavePackage: Display: Finished SavePackage D:/GameDev/UE4/UE4Proj/MYTHO/GreekMytholoJam2017/Content/Geometry/Props/Plates/BP_Plate_01.uasset
[2017.12.01-22.16.22:419][681]BlueprintLog: New page: Compile BP_Plate_02
[2017.12.01-22.16.24:244][691]Cmd: OBJ SAVEPACKAGE PACKAGE="/Game/Geometry/Props/Plates/BP_Plate_02" FILE="D:/GameDev/UE4/UE4Proj/MYTHO/GreekMytholoJam2017/Content/Geometry/Props/Plates/BP_Plate_02.uasset" SILENT=true
[2017.12.01-22.16.24:300][691]LogSavePackage: Save=48.59ms
[2017.12.01-22.16.24:301][691]LogSavePackage: Moving 'D:/GameDev/UE4/UE4Proj/MYTHO/GreekMytholoJam2017/Saved/BP_Plate_02627FCDB1401FB1F6DEBE9690D3EFA9C7.tmp' to 'D:/GameDev/UE4/UE4Proj/MYTHO/GreekMytholoJam2017/Content/Geometry/Props/Plates/BP_Plate_02.uasset'
[2017.12.01-22.16.24:306][691]LogSavePackage: Display: Finished SavePackage D:/GameDev/UE4/UE4Proj/MYTHO/GreekMytholoJam2017/Content/Geometry/Props/Plates/BP_Plate_02.uasset
[2017.12.01-22.16.41:444][ 51]Cmd: OBJ SAVEPACKAGE PACKAGE="/Game/Maps/Tutorial01" FILE="D:/GameDev/UE4/UE4Proj/MYTHO/GreekMytholoJam2017/Content/Maps/Tutorial01.umap" SILENT=true AUTOSAVING=false KEEPDIRTY=false
[2017.12.01-22.16.45:581][ 51]LogSavePackage: Save=4059.24ms
[2017.12.01-22.16.45:581][ 51]LogSavePackage: Moving 'D:/GameDev/UE4/UE4Proj/MYTHO/GreekMytholoJam2017/Saved/Tutorial01C2BED60841E1D15CD0A96C84B4464911.tmp' to 'D:/GameDev/UE4/UE4Proj/MYTHO/GreekMytholoJam2017/Content/Maps/Tutorial01.umap'
[2017.12.01-22.16.45:589][ 51]LogSavePackage: Display: Finished SavePackage D:/GameDev/UE4/UE4Proj/MYTHO/GreekMytholoJam2017/Content/Maps/Tutorial01.umap
[2017.12.01-22.16.51:482][200]Cmd: OBJ SAVEPACKAGE PACKAGE="/Game/Materials/Architecture/Ground/MI_Tileth" FILE="D:/GameDev/UE4/UE4Proj/MYTHO/GreekMytholoJam2017/Content/Materials/Architecture/Ground/MI_Tileth.uasset" SILENT=true
[2017.12.01-22.16.51:518][200]LogSavePackage: Save=32.54ms
[2017.12.01-22.16.51:518][200]LogSavePackage: Moving 'D:/GameDev/UE4/UE4Proj/MYTHO/GreekMytholoJam2017/Saved/MI_TilethAEF2F5AA4CF97468F05545A6A58D97ED.tmp' to 'D:/GameDev/UE4/UE4Proj/MYTHO/GreekMytholoJam2017/Content/Materials/Architecture/Ground/MI_Tileth.uasset'
[2017.12.01-22.16.51:523][200]LogSavePackage: Display: Finished SavePackage D:/GameDev/UE4/UE4Proj/MYTHO/GreekMytholoJam2017/Content/Materials/Architecture/Ground/MI_Tileth.uasset
[2017.12.01-22.16.51:576][200]Cmd: OBJ SAVEPACKAGE PACKAGE="/Game/Geometry/Props/Plates/SM_Plate_01" FILE="D:/GameDev/UE4/UE4Proj/MYTHO/GreekMytholoJam2017/Content/Geometry/Props/Plates/SM_Plate_01.uasset" SILENT=true
[2017.12.01-22.16.51:610][200]LogSavePackage: Save=28.00ms
[2017.12.01-22.16.51:611][200]LogSavePackage: Moving 'D:/GameDev/UE4/UE4Proj/MYTHO/GreekMytholoJam2017/Saved/SM_Plate_01B8C5AA3C4F895946EC45B8A5EBD5ABC8.tmp' to 'D:/GameDev/UE4/UE4Proj/MYTHO/GreekMytholoJam2017/Content/Geometry/Props/Plates/SM_Plate_01.uasset'
[2017.12.01-22.16.51:616][200]LogSavePackage: Display: Finished SavePackage D:/GameDev/UE4/UE4Proj/MYTHO/GreekMytholoJam2017/Content/Geometry/Props/Plates/SM_Plate_01.uasset
